[16:50:12] [main/INFO] [LaunchWrapper]: Loading tweak class name cpw.mods.fml.common.launcher.FMLTweaker
[16:50:12] [main/INFO] [LaunchWrapper]: Using primary tweak class name cpw.mods.fml.common.launcher.FMLTweaker
[16:50:12] [main/INFO] [LaunchWrapper]: Calling tweak class cpw.mods.fml.common.launcher.FMLTweaker
[18:19:46] [main/INFO] [LaunchWrapper]: Loading tweak class name cpw.mods.fml.common.launcher.FMLTweaker
[18:19:46] [main/INFO] [LaunchWrapper]: Using primary tweak class name cpw.mods.fml.common.launcher.FMLTweaker
[18:19:46] [main/INFO] [LaunchWrapper]: Calling tweak class cpw.mods.fml.common.launcher.FMLTweaker
[18:23:00] [main/INFO] [LaunchWrapper]: Loading tweak class name cpw.mods.fml.common.launcher.FMLTweaker
[18:23:00] [main/INFO] [LaunchWrapper]: Using primary tweak class name cpw.mods.fml.common.launcher.FMLTweaker
[18:23:00] [main/INFO] [LaunchWrapper]: Calling tweak class cpw.mods.fml.common.launcher.FMLTweaker
[18:39:04] [main/INFO] [LaunchWrapper]: Loading tweak class name cpw.mods.fml.common.launcher.FMLTweaker
[18:39:04] [main/INFO] [LaunchWrapper]: Using primary tweak class name cpw.mods.fml.common.launcher.FMLTweaker
[18:39:04] [main/INFO] [LaunchWrapper]: Calling tweak class cpw.mods.fml.common.launcher.FMLTweaker
[18:42:26] [main/INFO] [LaunchWrapper]: Loading tweak class name cpw.mods.fml.common.launcher.FMLTweaker
[18:42:26] [main/INFO] [LaunchWrapper]: Using primary tweak class name cpw.mods.fml.common.launcher.FMLTweaker
[18:42:26] [main/INFO] [LaunchWrapper]: Calling tweak class cpw.mods.fml.common.launcher.FMLTweaker
[18:42:47] [main/INFO] [LaunchWrapper]: Loading tweak class name cpw.mods.fml.common.launcher.FMLTweaker
[18:42:47] [main/INFO] [LaunchWrapper]: Using primary tweak class name cpw.mods.fml.common.launcher.FMLTweaker
[18:42:47] [main/INFO] [LaunchWrapper]: Calling tweak class cpw.mods.fml.common.launcher.FMLTweaker
[18:45:32] [main/INFO] [LaunchWrapper]: Loading tweak class name cpw.mods.fml.common.launcher.FMLTweaker
[18:45:32] [main/INFO] [LaunchWrapper]: Using primary tweak class name cpw.mods.fml.common.launcher.FMLTweaker
[18:45:32] [main/INFO] [LaunchWrapper]: Calling tweak class cpw.mods.fml.common.launcher.FMLTweaker
[18:45:56] [main/INFO] [LaunchWrapper]: Loading tweak class name cpw.mods.fml.common.launcher.FMLTweaker
[18:45:57] [main/INFO] [LaunchWrapper]: Using primary tweak class name cpw.mods.fml.common.launcher.FMLTweaker
[18:45:57] [main/INFO] [LaunchWrapper]: Calling tweak class cpw.mods.fml.common.launcher.FMLTweaker
[18:46:30] [main/INFO] [LaunchWrapper]: Loading tweak class name cpw.mods.fml.common.launcher.FMLTweaker
[18:46:30] [main/INFO] [LaunchWrapper]: Using primary tweak class name cpw.mods.fml.common.launcher.FMLTweaker
[18:46:30] [main/INFO] [LaunchWrapper]: Calling tweak class cpw.mods.fml.common.launcher.FMLTweaker
[18:59:49] [main/INFO] [LaunchWrapper]: Loading tweak class name cpw.mods.fml.common.launcher.FMLTweaker
[18:59:49] [main/INFO] [LaunchWrapper]: Using primary tweak class name cpw.mods.fml.common.launcher.FMLTweaker
[18:59:49] [main/INFO] [LaunchWrapper]: Calling tweak class cpw.mods.fml.common.launcher.FMLTweaker
[19:03:25] [main/INFO] [LaunchWrapper]: Loading tweak class name cpw.mods.fml.common.launcher.FMLTweaker
[19:03:25] [main/INFO] [LaunchWrapper]: Using primary tweak class name cpw.mods.fml.common.launcher.FMLTweaker
[19:03:25] [main/INFO] [LaunchWrapper]: Calling tweak class cpw.mods.fml.common.launcher.FMLTweaker
[13:37:15] [main/INFO] [LaunchWrapper]: Loading tweak class name cpw.mods.fml.common.launcher.FMLTweaker
[13:37:15] [main/INFO] [LaunchWrapper]: Using primary tweak class name cpw.mods.fml.common.launcher.FMLTweaker
[13:37:15] [main/INFO] [LaunchWrapper]: Calling tweak class cpw.mods.fml.common.launcher.FMLTweaker
[13:46:02] [main/INFO] [LaunchWrapper]: Loading tweak class name cpw.mods.fml.common.launcher.FMLTweaker
[13:46:02] [main/INFO] [LaunchWrapper]: Using primary tweak class name cpw.mods.fml.common.launcher.FMLTweaker
[13:46:02] [main/INFO] [LaunchWrapper]: Calling tweak class cpw.mods.fml.common.launcher.FMLTweaker
[14:10:57] [main/INFO] [LaunchWrapper]: Loading tweak class name cpw.mods.fml.common.launcher.FMLTweaker
[14:10:57] [main/INFO] [LaunchWrapper]: Using primary tweak class name cpw.mods.fml.common.launcher.FMLTweaker
[14:10:57] [main/INFO] [LaunchWrapper]: Calling tweak class cpw.mods.fml.common.launcher.FMLTweaker
[14:17:07] [main/INFO] [LaunchWrapper]: Loading tweak class name cpw.mods.fml.common.launcher.FMLTweaker
[14:17:07] [main/INFO] [LaunchWrapper]: Using primary tweak class name cpw.mods.fml.common.launcher.FMLTweaker
[14:17:07] [main/INFO] [LaunchWrapper]: Calling tweak class cpw.mods.fml.common.launcher.FMLTweaker
[15:13:50] [main/INFO] [LaunchWrapper]: Loading tweak class name cpw.mods.fml.common.launcher.FMLTweaker
[15:13:50] [main/INFO] [LaunchWrapper]: Using primary tweak class name cpw.mods.fml.common.launcher.FMLTweaker
[15:13:50] [main/INFO] [LaunchWrapper]: Calling tweak class cpw.mods.fml.common.launcher.FMLTweaker
[15:17:01] [main/INFO] [LaunchWrapper]: Loading tweak class name cpw.mods.fml.common.launcher.FMLTweaker
[15:17:01] [main/INFO] [LaunchWrapper]: Using primary tweak class name cpw.mods.fml.common.launcher.FMLTweaker
[15:17:01] [main/INFO] [LaunchWrapper]: Calling tweak class cpw.mods.fml.common.launcher.FMLTweaker
[15:19:06] [main/INFO] [LaunchWrapper]: Loading tweak class name cpw.mods.fml.common.launcher.FMLTweaker
[15:19:06] [main/INFO] [LaunchWrapper]: Using primary tweak class name cpw.mods.fml.common.launcher.FMLTweaker
[15:19:06] [main/INFO] [LaunchWrapper]: Calling tweak class cpw.mods.fml.common.launcher.FMLTweaker
[15:23:43] [main/INFO] [LaunchWrapper]: Loading tweak class name cpw.mods.fml.common.launcher.FMLTweaker
[15:23:43] [main/INFO] [LaunchWrapper]: Using primary tweak class name cpw.mods.fml.common.launcher.FMLTweaker
[15:23:43] [main/INFO] [LaunchWrapper]: Calling tweak class cpw.mods.fml.common.launcher.FMLTweaker
[15:28:06] [main/INFO] [LaunchWrapper]: Loading tweak class name cpw.mods.fml.common.launcher.FMLTweaker
[15:28:06] [main/INFO] [LaunchWrapper]: Using primary tweak class name cpw.mods.fml.common.launcher.FMLTweaker
[15:28:06] [main/INFO] [LaunchWrapper]: Calling tweak class cpw.mods.fml.common.launcher.FMLTweaker
[15:35:27] [main/INFO] [LaunchWrapper]: Loading tweak class name cpw.mods.fml.common.launcher.FMLTweaker
[15:35:27] [main/INFO] [LaunchWrapper]: Using primary tweak class name cpw.mods.fml.common.launcher.FMLTweaker
[15:35:27] [main/INFO] [LaunchWrapper]: Calling tweak class cpw.mods.fml.common.launcher.FMLTweaker
[13:05:11] [main/INFO] [LaunchWrapper]: Loading tweak class name cpw.mods.fml.common.launcher.FMLTweaker
[13:05:11] [main/INFO] [LaunchWrapper]: Using primary tweak class name cpw.mods.fml.common.launcher.FMLTweaker
[13:05:11] [main/INFO] [LaunchWrapper]: Calling tweak class cpw.mods.fml.common.launcher.FMLTweaker
[13:18:46] [main/INFO] [LaunchWrapper]: Loading tweak class name cpw.mods.fml.common.launcher.FMLTweaker
[13:18:46] [main/INFO] [LaunchWrapper]: Using primary tweak class name cpw.mods.fml.common.launcher.FMLTweaker
[13:18:46] [main/INFO] [LaunchWrapper]: Calling tweak class cpw.mods.fml.common.launcher.FMLTweaker
[13:21:03] [main/INFO] [LaunchWrapper]: Loading tweak class name cpw.mods.fml.common.launcher.FMLTweaker
[13:21:03] [main/INFO] [LaunchWrapper]: Using primary tweak class name cpw.mods.fml.common.launcher.FMLTweaker
[13:21:03] [main/INFO] [LaunchWrapper]: Calling tweak class cpw.mods.fml.common.launcher.FMLTweaker
[13:32:23] [main/INFO] [LaunchWrapper]: Loading tweak class name cpw.mods.fml.common.launcher.FMLTweaker
[13:32:23] [main/INFO] [LaunchWrapper]: Using primary tweak class name cpw.mods.fml.common.launcher.FMLTweaker
[13:32:23] [main/INFO] [LaunchWrapper]: Calling tweak class cpw.mods.fml.common.launcher.FMLTweaker
[13:41:29] [main/INFO] [LaunchWrapper]: Loading tweak class name cpw.mods.fml.common.launcher.FMLTweaker
[13:41:29] [main/INFO] [LaunchWrapper]: Using primary tweak class name cpw.mods.fml.common.launcher.FMLTweaker
[13:41:29] [main/INFO] [LaunchWrapper]: Calling tweak class cpw.mods.fml.common.launcher.FMLTweaker
[13:48:58] [main/INFO] [LaunchWrapper]: Loading tweak class name cpw.mods.fml.common.launcher.FMLTweaker
[13:48:58] [main/INFO] [LaunchWrapper]: Using primary tweak class name cpw.mods.fml.common.launcher.FMLTweaker
[13:48:58] [main/INFO] [LaunchWrapper]: Calling tweak class cpw.mods.fml.common.launcher.FMLTweaker
[13:56:41] [main/INFO] [GradleStart]: No arguments specified, assuming client.
[13:56:41] [main/INFO] [GradleStart]: Running with arguments: [--version, 1.7.10, --tweakClass, cpw.mods.fml.common.launcher.FMLTweaker, --assetIndex, 1.7.10, --assetsDir, C:/Users/Tobias/.gradle/caches/minecraft/assets, --accessToken, FML, --userProperties, {}, --username, ForgeDevName]
[13:56:41] [main/INFO] [LaunchWrapper]: Loading tweak class name cpw.mods.fml.common.launcher.FMLTweaker
[13:56:41] [main/INFO] [LaunchWrapper]: Using primary tweak class name cpw.mods.fml.common.launcher.FMLTweaker
[13:56:41] [main/INFO] [LaunchWrapper]: Calling tweak class cpw.mods.fml.common.launcher.FMLTweaker
[15:35:33] [main/INFO] [GradleStart]: No arguments specified, assuming client.
[15:35:33] [main/INFO] [GradleStart]: Running with arguments: [--version, 1.7.10, --tweakClass, cpw.mods.fml.common.launcher.FMLTweaker, --assetIndex, 1.7.10, --assetsDir, C:/Users/Tobias/.gradle/caches/minecraft/assets, --accessToken, FML, --userProperties, {}, --username, ForgeDevName]
[15:35:34] [main/INFO] [LaunchWrapper]: Loading tweak class name cpw.mods.fml.common.launcher.FMLTweaker
[15:35:34] [main/INFO] [LaunchWrapper]: Using primary tweak class name cpw.mods.fml.common.launcher.FMLTweaker
[15:35:34] [main/INFO] [LaunchWrapper]: Calling tweak class cpw.mods.fml.common.launcher.FMLTweaker
[15:46:09] [main/INFO] [GradleStart]: No arguments specified, assuming client.
[15:46:09] [main/INFO] [GradleStart]: Running with arguments: [--version, 1.7.10, --tweakClass, cpw.mods.fml.common.launcher.FMLTweaker, --assetIndex, 1.7.10, --assetsDir, C:/Users/Tobias/.gradle/caches/minecraft/assets, --accessToken, FML, --userProperties, {}, --username, ForgeDevName]
[15:46:09] [main/INFO] [LaunchWrapper]: Loading tweak class name cpw.mods.fml.common.launcher.FMLTweaker
[15:46:09] [main/INFO] [LaunchWrapper]: Using primary tweak class name cpw.mods.fml.common.launcher.FMLTweaker
[15:46:09] [main/INFO] [LaunchWrapper]: Calling tweak class cpw.mods.fml.common.launcher.FMLTweaker
[19:07:55] [main/INFO] [GradleStart]: No arguments specified, assuming client.
[19:07:55] [main/INFO] [GradleStart]: Running with arguments: [--version, 1.7.10, --tweakClass, cpw.mods.fml.common.launcher.FMLTweaker, --assetIndex, {ASSET_INDEX}, --assetsDir, C:/Users/Tobias/.gradle/caches/minecraft/assets, --accessToken, FML, --userProperties, {}, --username, ForgeDevName]
[19:07:55] [main/INFO] [LaunchWrapper]: Loading tweak class name cpw.mods.fml.common.launcher.FMLTweaker
[19:07:55] [main/INFO] [LaunchWrapper]: Using primary tweak class name cpw.mods.fml.common.launcher.FMLTweaker
[19:07:55] [main/INFO] [LaunchWrapper]: Calling tweak class cpw.mods.fml.common.launcher.FMLTweaker
[19:12:29] [main/INFO] [GradleStart]: No arguments specified, assuming client.
[19:12:30] [main/INFO] [GradleStart]: Running with arguments: [--version, 1.7.10, --tweakClass, cpw.mods.fml.common.launcher.FMLTweaker, --assetIndex, {ASSET_INDEX}, --assetsDir, C:/Users/Tobias/.gradle/caches/minecraft/assets, --accessToken, FML, --userProperties, {}, --username, ForgeDevName]
[19:12:30] [main/INFO] [LaunchWrapper]: Loading tweak class name cpw.mods.fml.common.launcher.FMLTweaker
[19:12:30] [main/INFO] [LaunchWrapper]: Using primary tweak class name cpw.mods.fml.common.launcher.FMLTweaker
[19:12:30] [main/INFO] [LaunchWrapper]: Calling tweak class cpw.mods.fml.common.launcher.FMLTweaker
[19:50:59] [main/INFO] [GradleStart]: No arguments specified, assuming client.
[19:50:59] [main/INFO] [GradleStart]: Running with arguments: [--version, 1.7.10, --tweakClass, cpw.mods.fml.common.launcher.FMLTweaker, --assetIndex, {ASSET_INDEX}, --assetsDir, C:/Users/Tobias/.gradle/caches/minecraft/assets, --accessToken, FML, --userProperties, {}, --username, ForgeDevName]
[19:50:59] [main/INFO] [LaunchWrapper]: Loading tweak class name cpw.mods.fml.common.launcher.FMLTweaker
[19:51:00] [main/INFO] [LaunchWrapper]: Using primary tweak class name cpw.mods.fml.common.launcher.FMLTweaker
[19:51:00] [main/INFO] [LaunchWrapper]: Calling tweak class cpw.mods.fml.common.launcher.FMLTweaker
[20:00:49] [main/INFO] [GradleStart]: No arguments specified, assuming client.
[20:00:49] [main/INFO] [GradleStart]: Running with arguments: [--version, 1.7.10, --tweakClass, cpw.mods.fml.common.launcher.FMLTweaker, --assetIndex, {ASSET_INDEX}, --assetsDir, C:/Users/Tobias/.gradle/caches/minecraft/assets, --accessToken, FML, --userProperties, {}, --username, ForgeDevName]
[20:00:49] [main/INFO] [LaunchWrapper]: Loading tweak class name cpw.mods.fml.common.launcher.FMLTweaker
[20:00:49] [main/INFO] [LaunchWrapper]: Using primary tweak class name cpw.mods.fml.common.launcher.FMLTweaker
[20:00:49] [main/INFO] [LaunchWrapper]: Calling tweak class cpw.mods.fml.common.launcher.FMLTweaker
[21:38:58] [main/INFO] [GradleStart]: No arguments specified, assuming client.
[21:38:58] [main/INFO] [GradleStart]: Running with arguments: [--version, 1.7.10, --tweakClass, cpw.mods.fml.common.launcher.FMLTweaker, --assetIndex, {ASSET_INDEX}, --assetsDir, C:/Users/Tobias/.gradle/caches/minecraft/assets, --accessToken, FML, --userProperties, {}, --username, ForgeDevName]
[21:38:58] [main/INFO] [LaunchWrapper]: Loading tweak class name cpw.mods.fml.common.launcher.FMLTweaker
[21:38:58] [main/INFO] [LaunchWrapper]: Using primary tweak class name cpw.mods.fml.common.launcher.FMLTweaker
[21:38:58] [main/INFO] [LaunchWrapper]: Calling tweak class cpw.mods.fml.common.launcher.FMLTweaker
[21:41:44] [main/INFO] [GradleStart]: No arguments specified, assuming client.
[21:41:44] [main/INFO] [GradleStart]: Running with arguments: [--version, 1.7.10, --tweakClass, cpw.mods.fml.common.launcher.FMLTweaker, --assetIndex, {ASSET_INDEX}, --assetsDir, C:/Users/Tobias/.gradle/caches/minecraft/assets, --accessToken, FML, --userProperties, {}, --username, ForgeDevName]
[21:41:44] [main/INFO] [LaunchWrapper]: Loading tweak class name cpw.mods.fml.common.launcher.FMLTweaker
[21:41:44] [main/INFO] [LaunchWrapper]: Using primary tweak class name cpw.mods.fml.common.launcher.FMLTweaker
[21:41:44] [main/INFO] [LaunchWrapper]: Calling tweak class cpw.mods.fml.common.launcher.FMLTweaker
[21:44:35] [main/INFO] [GradleStart]: No arguments specified, assuming client.
[21:44:35] [main/INFO] [GradleStart]: Running with arguments: [--version, 1.7.10, --tweakClass, cpw.mods.fml.common.launcher.FMLTweaker, --assetIndex, {ASSET_INDEX}, --assetsDir, C:/Users/Tobias/.gradle/caches/minecraft/assets, --accessToken, FML, --userProperties, {}, --username, ForgeDevName]
[21:44:35] [main/INFO] [LaunchWrapper]: Loading tweak class name cpw.mods.fml.common.launcher.FMLTweaker
[21:44:35] [main/INFO] [LaunchWrapper]: Using primary tweak class name cpw.mods.fml.common.launcher.FMLTweaker
[21:44:35] [main/INFO] [LaunchWrapper]: Calling tweak class cpw.mods.fml.common.launcher.FMLTweaker
[21:47:01] [main/INFO] [GradleStart]: No arguments specified, assuming client.
[21:47:01] [main/INFO] [GradleStart]: Running with arguments: [--version, 1.7.10, --tweakClass, cpw.mods.fml.common.launcher.FMLTweaker, --assetIndex, {ASSET_INDEX}, --assetsDir, C:/Users/Tobias/.gradle/caches/minecraft/assets, --accessToken, FML, --userProperties, {}, --username, ForgeDevName]
[21:47:01] [main/INFO] [LaunchWrapper]: Loading tweak class name cpw.mods.fml.common.launcher.FMLTweaker
[21:47:01] [main/INFO] [LaunchWrapper]: Using primary tweak class name cpw.mods.fml.common.launcher.FMLTweaker
[21:47:01] [main/INFO] [LaunchWrapper]: Calling tweak class cpw.mods.fml.common.launcher.FMLTweaker
[14:41:06] [main/INFO] [GradleStart]: No arguments specified, assuming client.
[14:41:06] [main/INFO] [GradleStart]: Running with arguments: [--version, 1.7.10, --tweakClass, cpw.mods.fml.common.launcher.FMLTweaker, --assetIndex, {ASSET_INDEX}, --assetsDir, C:/Users/Tobias/.gradle/caches/minecraft/assets, --accessToken, FML, --userProperties, {}, --username, ForgeDevName]
[14:41:06] [main/INFO] [LaunchWrapper]: Loading tweak class name cpw.mods.fml.common.launcher.FMLTweaker
[14:41:06] [main/INFO] [LaunchWrapper]: Using primary tweak class name cpw.mods.fml.common.launcher.FMLTweaker
[14:41:06] [main/INFO] [LaunchWrapper]: Calling tweak class cpw.mods.fml.common.launcher.FMLTweaker
[14:42:49] [main/INFO] [GradleStart]: No arguments specified, assuming client.
[14:42:49] [main/INFO] [GradleStart]: Running with arguments: [--version, 1.7.10, --tweakClass, cpw.mods.fml.common.launcher.FMLTweaker, --assetIndex, {ASSET_INDEX}, --assetsDir, C:/Users/Tobias/.gradle/caches/minecraft/assets, --accessToken, FML, --userProperties, {}, --username, ForgeDevName]
[14:42:49] [main/INFO] [LaunchWrapper]: Loading tweak class name cpw.mods.fml.common.launcher.FMLTweaker
[14:42:49] [main/INFO] [LaunchWrapper]: Using primary tweak class name cpw.mods.fml.common.launcher.FMLTweaker
[14:42:49] [main/INFO] [LaunchWrapper]: Calling tweak class cpw.mods.fml.common.launcher.FMLTweaker
[14:44:01] [main/INFO] [GradleStart]: No arguments specified, assuming client.
[14:44:01] [main/INFO] [GradleStart]: Running with arguments: [--version, 1.7.10, --tweakClass, cpw.mods.fml.common.launcher.FMLTweaker, --assetIndex, {ASSET_INDEX}, --assetsDir, C:/Users/Tobias/.gradle/caches/minecraft/assets, --accessToken, FML, --userProperties, {}, --username, ForgeDevName]
[14:44:01] [main/INFO] [LaunchWrapper]: Loading tweak class name cpw.mods.fml.common.launcher.FMLTweaker
[14:44:01] [main/INFO] [LaunchWrapper]: Using primary tweak class name cpw.mods.fml.common.launcher.FMLTweaker
[14:44:01] [main/INFO] [LaunchWrapper]: Calling tweak class cpw.mods.fml.common.launcher.FMLTweaker
[14:48:26] [main/INFO] [GradleStart]: No arguments specified, assuming client.
[14:48:26] [main/INFO] [GradleStart]: Running with arguments: [--version, 1.7.10, --tweakClass, cpw.mods.fml.common.launcher.FMLTweaker, --assetIndex, {ASSET_INDEX}, --assetsDir, C:/Users/Tobias/.gradle/caches/minecraft/assets, --accessToken, FML, --userProperties, {}, --username, ForgeDevName]
[14:48:26] [main/INFO] [LaunchWrapper]: Loading tweak class name cpw.mods.fml.common.launcher.FMLTweaker
[14:48:26] [main/INFO] [LaunchWrapper]: Using primary tweak class name cpw.mods.fml.common.launcher.FMLTweaker
[14:48:26] [main/INFO] [LaunchWrapper]: Calling tweak class cpw.mods.fml.common.launcher.FMLTweaker
[14:50:07] [main/INFO] [GradleStart]: No arguments specified, assuming client.
[14:50:07] [main/INFO] [GradleStart]: Running with arguments: [--version, 1.7.10, --tweakClass, cpw.mods.fml.common.launcher.FMLTweaker, --assetIndex, {ASSET_INDEX}, --assetsDir, C:/Users/Tobias/.gradle/caches/minecraft/assets, --accessToken, FML, --userProperties, {}, --username, ForgeDevName]
[14:50:07] [main/INFO] [LaunchWrapper]: Loading tweak class name cpw.mods.fml.common.launcher.FMLTweaker
[14:50:07] [main/INFO] [LaunchWrapper]: Using primary tweak class name cpw.mods.fml.common.launcher.FMLTweaker
[14:50:07] [main/INFO] [LaunchWrapper]: Calling tweak class cpw.mods.fml.common.launcher.FMLTweaker
[15:03:32] [main/INFO] [GradleStart]: No arguments specified, assuming client.
[15:03:32] [main/INFO] [GradleStart]: Running with arguments: [--version, 1.7.10, --tweakClass, cpw.mods.fml.common.launcher.FMLTweaker, --assetIndex, {ASSET_INDEX}, --assetsDir, C:/Users/Tobias/.gradle/caches/minecraft/assets, --accessToken, FML, --userProperties, {}, --username, ForgeDevName]
[15:03:32] [main/INFO] [LaunchWrapper]: Loading tweak class name cpw.mods.fml.common.launcher.FMLTweaker
[15:03:32] [main/INFO] [LaunchWrapper]: Using primary tweak class name cpw.mods.fml.common.launcher.FMLTweaker
[15:03:32] [main/INFO] [LaunchWrapper]: Calling tweak class cpw.mods.fml.common.launcher.FMLTweaker
[15:11:15] [main/INFO] [GradleStart]: No arguments specified, assuming client.
[15:11:15] [main/INFO] [GradleStart]: Running with arguments: [--version, 1.7.10, --tweakClass, cpw.mods.fml.common.launcher.FMLTweaker, --assetIndex, {ASSET_INDEX}, --assetsDir, C:/Users/Tobias/.gradle/caches/minecraft/assets, --accessToken, FML, --userProperties, {}, --username, ForgeDevName]
[15:11:15] [main/INFO] [LaunchWrapper]: Loading tweak class name cpw.mods.fml.common.launcher.FMLTweaker
[15:11:15] [main/INFO] [LaunchWrapper]: Using primary tweak class name cpw.mods.fml.common.launcher.FMLTweaker
[15:11:15] [main/INFO] [LaunchWrapper]: Calling tweak class cpw.mods.fml.common.launcher.FMLTweaker
[21:06:28] [main/INFO] [GradleStart]: No arguments specified, assuming client.
[21:06:28] [main/INFO] [GradleStart]: Running with arguments: [--version, 1.7.10, --tweakClass, cpw.mods.fml.common.launcher.FMLTweaker, --assetIndex, {ASSET_INDEX}, --assetsDir, C:/Users/Tobias/.gradle/caches/minecraft/assets, --accessToken, FML, --userProperties, {}, --username, ForgeDevName]
[21:06:28] [main/INFO] [LaunchWrapper]: Loading tweak class name cpw.mods.fml.common.launcher.FMLTweaker
[21:06:28] [main/INFO] [LaunchWrapper]: Using primary tweak class name cpw.mods.fml.common.launcher.FMLTweaker
[21:06:28] [main/INFO] [LaunchWrapper]: Calling tweak class cpw.mods.fml.common.launcher.FMLTweaker
[21:07:43] [main/INFO] [GradleStart]: No arguments specified, assuming client.
[21:07:43] [main/INFO] [GradleStart]: Running with arguments: [--version, 1.7.10, --tweakClass, cpw.mods.fml.common.launcher.FMLTweaker, --assetIndex, {ASSET_INDEX}, --assetsDir, C:/Users/Tobias/.gradle/caches/minecraft/assets, --accessToken, FML, --userProperties, {}, --username, ForgeDevName]
[21:07:44] [main/INFO] [LaunchWrapper]: Loading tweak class name cpw.mods.fml.common.launcher.FMLTweaker
[21:07:44] [main/INFO] [LaunchWrapper]: Using primary tweak class name cpw.mods.fml.common.launcher.FMLTweaker
[21:07:44] [main/INFO] [LaunchWrapper]: Calling tweak class cpw.mods.fml.common.launcher.FMLTweaker
[21:10:15] [main/INFO] [GradleStart]: No arguments specified, assuming client.
[21:10:15] [main/INFO] [GradleStart]: Running with arguments: [--version, 1.7.10, --tweakClass, cpw.mods.fml.common.launcher.FMLTweaker, --assetIndex, {ASSET_INDEX}, --assetsDir, C:/Users/Tobias/.gradle/caches/minecraft/assets, --accessToken, FML, --userProperties, {}, --username, ForgeDevName]
[21:10:15] [main/INFO] [LaunchWrapper]: Loading tweak class name cpw.mods.fml.common.launcher.FMLTweaker
[21:10:15] [main/INFO] [LaunchWrapper]: Using primary tweak class name cpw.mods.fml.common.launcher.FMLTweaker
[21:10:15] [main/INFO] [LaunchWrapper]: Calling tweak class cpw.mods.fml.common.launcher.FMLTweaker
[21:15:17] [main/INFO] [GradleStart]: No arguments specified, assuming client.
[21:15:17] [main/INFO] [GradleStart]: Running with arguments: [--version, 1.7.10, --tweakClass, cpw.mods.fml.common.launcher.FMLTweaker, --assetIndex, {ASSET_INDEX}, --assetsDir, C:/Users/Tobias/.gradle/caches/minecraft/assets, --accessToken, FML, --userProperties, {}, --username, ForgeDevName]
[21:15:17] [main/INFO] [LaunchWrapper]: Loading tweak class name cpw.mods.fml.common.launcher.FMLTweaker
[21:15:17] [main/INFO] [LaunchWrapper]: Using primary tweak class name cpw.mods.fml.common.launcher.FMLTweaker
[21:15:17] [main/INFO] [LaunchWrapper]: Calling tweak class cpw.mods.fml.common.launcher.FMLTweaker
[21:16:43] [main/INFO] [GradleStart]: No arguments specified, assuming client.
[21:16:43] [main/INFO] [GradleStart]: Running with arguments: [--version, 1.7.10, --tweakClass, cpw.mods.fml.common.launcher.FMLTweaker, --assetIndex, {ASSET_INDEX}, --assetsDir, C:/Users/Tobias/.gradle/caches/minecraft/assets, --accessToken, FML, --userProperties, {}, --username, ForgeDevName]
[21:16:43] [main/INFO] [LaunchWrapper]: Loading tweak class name cpw.mods.fml.common.launcher.FMLTweaker
[21:16:43] [main/INFO] [LaunchWrapper]: Using primary tweak class name cpw.mods.fml.common.launcher.FMLTweaker
[21:16:43] [main/INFO] [LaunchWrapper]: Calling tweak class cpw.mods.fml.common.launcher.FMLTweaker
[21:19:35] [main/INFO] [GradleStart]: No arguments specified, assuming client.
[21:19:35] [main/INFO] [GradleStart]: Running with arguments: [--version, 1.7.10, --tweakClass, cpw.mods.fml.common.launcher.FMLTweaker, --assetIndex, {ASSET_INDEX}, --assetsDir, C:/Users/Tobias/.gradle/caches/minecraft/assets, --accessToken, FML, --userProperties, {}, --username, ForgeDevName]
[21:19:35] [main/INFO] [LaunchWrapper]: Loading tweak class name cpw.mods.fml.common.launcher.FMLTweaker
[21:19:35] [main/INFO] [LaunchWrapper]: Using primary tweak class name cpw.mods.fml.common.launcher.FMLTweaker
[21:19:35] [main/INFO] [LaunchWrapper]: Calling tweak class cpw.mods.fml.common.launcher.FMLTweaker
[21:20:42] [main/INFO] [GradleStart]: No arguments specified, assuming client.
[21:20:42] [main/INFO] [GradleStart]: Running with arguments: [--version, 1.7.10, --tweakClass, cpw.mods.fml.common.launcher.FMLTweaker, --assetIndex, {ASSET_INDEX}, --assetsDir, C:/Users/Tobias/.gradle/caches/minecraft/assets, --accessToken, FML, --userProperties, {}, --username, ForgeDevName]
[21:20:42] [main/INFO] [LaunchWrapper]: Loading tweak class name cpw.mods.fml.common.launcher.FMLTweaker
[21:20:42] [main/INFO] [LaunchWrapper]: Using primary tweak class name cpw.mods.fml.common.launcher.FMLTweaker
[21:20:42] [main/INFO] [LaunchWrapper]: Calling tweak class cpw.mods.fml.common.launcher.FMLTweaker
[21:22:06] [main/INFO] [GradleStart]: No arguments specified, assuming client.
[21:22:06] [main/INFO] [GradleStart]: Running with arguments: [--version, 1.7.10, --tweakClass, cpw.mods.fml.common.launcher.FMLTweaker, --assetIndex, {ASSET_INDEX}, --assetsDir, C:/Users/Tobias/.gradle/caches/minecraft/assets, --accessToken, FML, --userProperties, {}, --username, ForgeDevName]
[21:22:06] [main/INFO] [LaunchWrapper]: Loading tweak class name cpw.mods.fml.common.launcher.FMLTweaker
[21:22:06] [main/INFO] [LaunchWrapper]: Using primary tweak class name cpw.mods.fml.common.launcher.FMLTweaker
[21:22:06] [main/INFO] [LaunchWrapper]: Calling tweak class cpw.mods.fml.common.launcher.FMLTweaker
[15:25:27] [main/INFO] [GradleStart]: No arguments specified, assuming client.
[15:25:27] [main/INFO] [GradleStart]: Running with arguments: [--version, 1.7.10, --tweakClass, cpw.mods.fml.common.launcher.FMLTweaker, --assetIndex, {ASSET_INDEX}, --assetsDir, C:/Users/Tobias/.gradle/caches/minecraft/assets, --accessToken, FML, --userProperties, {}, --username, ForgeDevName]
[15:25:27] [main/INFO] [LaunchWrapper]: Loading tweak class name cpw.mods.fml.common.launcher.FMLTweaker
[15:25:27] [main/INFO] [LaunchWrapper]: Using primary tweak class name cpw.mods.fml.common.launcher.FMLTweaker
[15:25:27] [main/INFO] [LaunchWrapper]: Calling tweak class cpw.mods.fml.common.launcher.FMLTweaker
[15:26:15] [main/INFO] [GradleStart]: No arguments specified, assuming client.
[15:26:15] [main/INFO] [GradleStart]: Running with arguments: [--version, 1.7.10, --tweakClass, cpw.mods.fml.common.launcher.FMLTweaker, --assetIndex, {ASSET_INDEX}, --assetsDir, C:/Users/Tobias/.gradle/caches/minecraft/assets, --accessToken, FML, --userProperties, {}, --username, ForgeDevName]
[15:26:15] [main/INFO] [LaunchWrapper]: Loading tweak class name cpw.mods.fml.common.launcher.FMLTweaker
[15:26:15] [main/INFO] [LaunchWrapper]: Using primary tweak class name cpw.mods.fml.common.launcher.FMLTweaker
[15:26:15] [main/INFO] [LaunchWrapper]: Calling tweak class cpw.mods.fml.common.launcher.FMLTweaker
[15:32:53] [main/INFO] [GradleStart]: No arguments specified, assuming client.
[15:32:53] [main/INFO] [GradleStart]: Running with arguments: [--version, 1.7.10, --tweakClass, cpw.mods.fml.common.launcher.FMLTweaker, --assetIndex, {ASSET_INDEX}, --assetsDir, C:/Users/Tobias/.gradle/caches/minecraft/assets, --accessToken, FML, --userProperties, {}, --username, ForgeDevName]
[15:32:53] [main/INFO] [LaunchWrapper]: Loading tweak class name cpw.mods.fml.common.launcher.FMLTweaker
[15:32:53] [main/INFO] [LaunchWrapper]: Using primary tweak class name cpw.mods.fml.common.launcher.FMLTweaker
[15:32:53] [main/INFO] [LaunchWrapper]: Calling tweak class cpw.mods.fml.common.launcher.FMLTweaker
[15:36:07] [main/INFO] [GradleStart]: No arguments specified, assuming client.
[15:36:08] [main/INFO] [GradleStart]: Running with arguments: [--version, 1.7.10, --tweakClass, cpw.mods.fml.common.launcher.FMLTweaker, --assetIndex, {ASSET_INDEX}, --assetsDir, C:/Users/Tobias/.gradle/caches/minecraft/assets, --accessToken, FML, --userProperties, {}, --username, ForgeDevName]
[15:36:08] [main/INFO] [LaunchWrapper]: Loading tweak class name cpw.mods.fml.common.launcher.FMLTweaker
[15:36:08] [main/INFO] [LaunchWrapper]: Using primary tweak class name cpw.mods.fml.common.launcher.FMLTweaker
[15:36:08] [main/INFO] [LaunchWrapper]: Calling tweak class cpw.mods.fml.common.launcher.FMLTweaker
[15:41:38] [main/INFO] [GradleStart]: No arguments specified, assuming client.
[15:41:38] [main/INFO] [GradleStart]: Running with arguments: [--version, 1.7.10, --tweakClass, cpw.mods.fml.common.launcher.FMLTweaker, --assetIndex, {ASSET_INDEX}, --assetsDir, C:/Users/Tobias/.gradle/caches/minecraft/assets, --accessToken, FML, --userProperties, {}, --username, ForgeDevName]
[15:41:39] [main/INFO] [LaunchWrapper]: Loading tweak class name cpw.mods.fml.common.launcher.FMLTweaker
[15:41:39] [main/INFO] [LaunchWrapper]: Using primary tweak class name cpw.mods.fml.common.launcher.FMLTweaker
[15:41:39] [main/INFO] [LaunchWrapper]: Calling tweak class cpw.mods.fml.common.launcher.FMLTweaker
[17:15:22] [main/INFO] [GradleStart]: No arguments specified, assuming client.
[17:15:22] [main/INFO] [GradleStart]: Extra: []
[17:15:40] [main/INFO] [GradleStart]: No arguments specified, assuming client.
[17:15:40] [main/INFO] [GradleStart]: Extra: []
[17:16:29] [main/INFO] [GradleStart]: No arguments specified, assuming client.
[17:16:29] [main/INFO] [GradleStart]: Extra: []
[17:19:16] [main/INFO] [GradleStart]: No arguments specified, assuming client.
[17:19:16] [main/INFO] [GradleStart]: Running with arguments: [--version, 1.7.10, --tweakClass, cpw.mods.fml.common.launcher.FMLTweaker, --assetIndex, {ASSET_INDEX}, --assetsDir, C:/Users/Tobias/.gradle/caches/minecraft/assets, --accessToken, FML, --userProperties, {}, --username, ForgeDevName]
[17:19:16] [main/INFO] [LaunchWrapper]: Loading tweak class name cpw.mods.fml.common.launcher.FMLTweaker
[17:19:17] [main/INFO] [LaunchWrapper]: Using primary tweak class name cpw.mods.fml.common.launcher.FMLTweaker
[17:19:17] [main/INFO] [LaunchWrapper]: Calling tweak class cpw.mods.fml.common.launcher.FMLTweaker
[17:20:17] [main/INFO] [GradleStart]: No arguments specified, assuming client.
[17:20:17] [main/INFO] [GradleStart]: Running with arguments: [--version, 1.7.10, --tweakClass, cpw.mods.fml.common.launcher.FMLTweaker, --assetIndex, {ASSET_INDEX}, --assetsDir, C:/Users/Tobias/.gradle/caches/minecraft/assets, --accessToken, FML, --userProperties, {}, --username, ForgeDevName]
[17:20:17] [main/INFO] [LaunchWrapper]: Loading tweak class name cpw.mods.fml.common.launcher.FMLTweaker
[17:20:17] [main/INFO] [LaunchWrapper]: Using primary tweak class name cpw.mods.fml.common.launcher.FMLTweaker
[17:20:17] [main/INFO] [LaunchWrapper]: Calling tweak class cpw.mods.fml.common.launcher.FMLTweaker
[17:38:11] [main/INFO] [GradleStart]: No arguments specified, assuming client.
[17:38:11] [main/INFO] [GradleStart]: Running with arguments: [--version, 1.7.10, --tweakClass, cpw.mods.fml.common.launcher.FMLTweaker, --assetIndex, {ASSET_INDEX}, --assetsDir, C:/Users/Tobias/.gradle/caches/minecraft/assets, --accessToken, FML, --userProperties, {}, --username, ForgeDevName]
[17:38:11] [main/INFO] [LaunchWrapper]: Loading tweak class name cpw.mods.fml.common.launcher.FMLTweaker
[17:38:11] [main/INFO] [LaunchWrapper]: Using primary tweak class name cpw.mods.fml.common.launcher.FMLTweaker
[17:38:11] [main/INFO] [LaunchWrapper]: Calling tweak class cpw.mods.fml.common.launcher.FMLTweaker
[18:17:25] [main/INFO] [GradleStart]: No arguments specified, assuming client.
[18:17:25] [main/INFO] [GradleStart]: Running with arguments: [--version, 1.7.10, --tweakClass, cpw.mods.fml.common.launcher.FMLTweaker, --assetIndex, {ASSET_INDEX}, --assetsDir, C:/Users/Tobias/.gradle/caches/minecraft/assets, --accessToken, FML, --userProperties, {}, --username, ForgeDevName]
[18:17:25] [main/INFO] [LaunchWrapper]: Loading tweak class name cpw.mods.fml.common.launcher.FMLTweaker
[18:17:25] [main/INFO] [LaunchWrapper]: Using primary tweak class name cpw.mods.fml.common.launcher.FMLTweaker
[18:17:25] [main/INFO] [LaunchWrapper]: Calling tweak class cpw.mods.fml.common.launcher.FMLTweaker
[18:25:01] [main/INFO] [GradleStart]: No arguments specified, assuming client.
[18:25:01] [main/INFO] [GradleStart]: Running with arguments: [--version, 1.7.10, --tweakClass, cpw.mods.fml.common.launcher.FMLTweaker, --assetIndex, {ASSET_INDEX}, --assetsDir, C:/Users/Tobias/.gradle/caches/minecraft/assets, --accessToken, FML, --userProperties, {}, --username, ForgeDevName]
[18:25:01] [main/INFO] [LaunchWrapper]: Loading tweak class name cpw.mods.fml.common.launcher.FMLTweaker
[18:25:01] [main/INFO] [LaunchWrapper]: Using primary tweak class name cpw.mods.fml.common.launcher.FMLTweaker
[18:25:01] [main/INFO] [LaunchWrapper]: Calling tweak class cpw.mods.fml.common.launcher.FMLTweaker
[16:18:23] [main/INFO] [GradleStart]: No arguments specified, assuming client.
[16:18:23] [main/INFO] [GradleStart]: Running with arguments: [--version, 1.7.10, --tweakClass, cpw.mods.fml.common.launcher.FMLTweaker, --assetIndex, {ASSET_INDEX}, --assetsDir, C:/Users/Tobias/.gradle/caches/minecraft/assets, --accessToken, FML, --userProperties, {}, --username, ForgeDevName]
[16:18:23] [main/INFO] [LaunchWrapper]: Loading tweak class name cpw.mods.fml.common.launcher.FMLTweaker
[16:18:23] [main/INFO] [LaunchWrapper]: Using primary tweak class name cpw.mods.fml.common.launcher.FMLTweaker
[16:18:23] [main/INFO] [LaunchWrapper]: Calling tweak class cpw.mods.fml.common.launcher.FMLTweaker
[16:21:45] [main/INFO] [GradleStart]: No arguments specified, assuming client.
[16:21:45] [main/INFO] [GradleStart]: Running with arguments: [--version, 1.7.10, --tweakClass, cpw.mods.fml.common.launcher.FMLTweaker, --assetIndex, {ASSET_INDEX}, --assetsDir, C:/Users/Tobias/.gradle/caches/minecraft/assets, --accessToken, FML, --userProperties, {}, --username, ForgeDevName]
[16:21:45] [main/INFO] [LaunchWrapper]: Loading tweak class name cpw.mods.fml.common.launcher.FMLTweaker
[16:21:45] [main/INFO] [LaunchWrapper]: Using primary tweak class name cpw.mods.fml.common.launcher.FMLTweaker
[16:21:45] [main/INFO] [LaunchWrapper]: Calling tweak class cpw.mods.fml.common.launcher.FMLTweaker
[16:32:33] [main/INFO] [GradleStart]: No arguments specified, assuming client.
[16:32:33] [main/INFO] [GradleStart]: Running with arguments: [--version, 1.7.10, --tweakClass, cpw.mods.fml.common.launcher.FMLTweaker, --assetIndex, {ASSET_INDEX}, --assetsDir, C:/Users/Tobias/.gradle/caches/minecraft/assets, --accessToken, FML, --userProperties, {}, --username, ForgeDevName]
[16:32:33] [main/INFO] [LaunchWrapper]: Loading tweak class name cpw.mods.fml.common.launcher.FMLTweaker
[16:32:33] [main/INFO] [LaunchWrapper]: Using primary tweak class name cpw.mods.fml.common.launcher.FMLTweaker
[16:32:33] [main/INFO] [LaunchWrapper]: Calling tweak class cpw.mods.fml.common.launcher.FMLTweaker
[16:34:16] [main/INFO] [GradleStart]: No arguments specified, assuming client.
[16:34:16] [main/INFO] [GradleStart]: Running with arguments: [--version, 1.7.10, --tweakClass, cpw.mods.fml.common.launcher.FMLTweaker, --assetIndex, {ASSET_INDEX}, --assetsDir, C:/Users/Tobias/.gradle/caches/minecraft/assets, --accessToken, FML, --userProperties, {}, --username, ForgeDevName]
[16:34:16] [main/INFO] [LaunchWrapper]: Loading tweak class name cpw.mods.fml.common.launcher.FMLTweaker
[16:34:16] [main/INFO] [LaunchWrapper]: Using primary tweak class name cpw.mods.fml.common.launcher.FMLTweaker
[16:34:16] [main/INFO] [LaunchWrapper]: Calling tweak class cpw.mods.fml.common.launcher.FMLTweaker
[16:41:58] [main/INFO] [GradleStart]: No arguments specified, assuming client.
[16:41:58] [main/INFO] [GradleStart]: Running with arguments: [--version, 1.7.10, --tweakClass, cpw.mods.fml.common.launcher.FMLTweaker, --assetIndex, {ASSET_INDEX}, --assetsDir, C:/Users/Tobias/.gradle/caches/minecraft/assets, --accessToken, FML, --userProperties, {}, --username, ForgeDevName]
[16:41:58] [main/INFO] [LaunchWrapper]: Loading tweak class name cpw.mods.fml.common.launcher.FMLTweaker
[16:41:58] [main/INFO] [LaunchWrapper]: Using primary tweak class name cpw.mods.fml.common.launcher.FMLTweaker
[16:41:58] [main/INFO] [LaunchWrapper]: Calling tweak class cpw.mods.fml.common.launcher.FMLTweaker
[16:42:57] [main/INFO] [GradleStart]: No arguments specified, assuming client.
[16:42:57] [main/INFO] [GradleStart]: Running with arguments: [--version, 1.7.10, --tweakClass, cpw.mods.fml.common.launcher.FMLTweaker, --assetIndex, {ASSET_INDEX}, --assetsDir, C:/Users/Tobias/.gradle/caches/minecraft/assets, --accessToken, FML, --userProperties, {}, --username, ForgeDevName]
[16:42:57] [main/INFO] [LaunchWrapper]: Loading tweak class name cpw.mods.fml.common.launcher.FMLTweaker
[16:42:57] [main/INFO] [LaunchWrapper]: Using primary tweak class name cpw.mods.fml.common.launcher.FMLTweaker
[16:42:57] [main/INFO] [LaunchWrapper]: Calling tweak class cpw.mods.fml.common.launcher.FMLTweaker
[16:47:34] [main/INFO] [GradleStart]: No arguments specified, assuming client.
[16:47:34] [main/INFO] [GradleStart]: Running with arguments: [--version, 1.7.10, --tweakClass, cpw.mods.fml.common.launcher.FMLTweaker, --assetIndex, {ASSET_INDEX}, --assetsDir, C:/Users/Tobias/.gradle/caches/minecraft/assets, --accessToken, FML, --userProperties, {}, --username, ForgeDevName]
[16:47:34] [main/INFO] [LaunchWrapper]: Loading tweak class name cpw.mods.fml.common.launcher.FMLTweaker
[16:47:34] [main/INFO] [LaunchWrapper]: Using primary tweak class name cpw.mods.fml.common.launcher.FMLTweaker
[16:47:34] [main/INFO] [LaunchWrapper]: Calling tweak class cpw.mods.fml.common.launcher.FMLTweaker
[16:55:32] [main/INFO] [GradleStart]: No arguments specified, assuming client.
[16:55:32] [main/INFO] [GradleStart]: Running with arguments: [--version, 1.7.10, --tweakClass, cpw.mods.fml.common.launcher.FMLTweaker, --assetIndex, {ASSET_INDEX}, --assetsDir, C:/Users/Tobias/.gradle/caches/minecraft/assets, --accessToken, FML, --userProperties, {}, --username, ForgeDevName]
[16:55:32] [main/INFO] [LaunchWrapper]: Loading tweak class name cpw.mods.fml.common.launcher.FMLTweaker
[16:55:32] [main/INFO] [LaunchWrapper]: Using primary tweak class name cpw.mods.fml.common.launcher.FMLTweaker
[16:55:32] [main/INFO] [LaunchWrapper]: Calling tweak class cpw.mods.fml.common.launcher.FMLTweaker
[17:08:17] [main/INFO] [GradleStart]: No arguments specified, assuming client.
[17:08:17] [main/INFO] [GradleStart]: Running with arguments: [--version, 1.7.10, --tweakClass, cpw.mods.fml.common.launcher.FMLTweaker, --assetIndex, {ASSET_INDEX}, --assetsDir, C:/Users/Tobias/.gradle/caches/minecraft/assets, --accessToken, FML, --userProperties, {}, --username, ForgeDevName]
[17:08:17] [main/INFO] [LaunchWrapper]: Loading tweak class name cpw.mods.fml.common.launcher.FMLTweaker
[17:08:17] [main/INFO] [LaunchWrapper]: Using primary tweak class name cpw.mods.fml.common.launcher.FMLTweaker
[17:08:17] [main/INFO] [LaunchWrapper]: Calling tweak class cpw.mods.fml.common.launcher.FMLTweaker
[17:20:40] [main/INFO] [GradleStart]: No arguments specified, assuming client.
[17:20:40] [main/INFO] [GradleStart]: Running with arguments: [--version, 1.7.10, --tweakClass, cpw.mods.fml.common.launcher.FMLTweaker, --assetIndex, {ASSET_INDEX}, --assetsDir, C:/Users/Tobias/.gradle/caches/minecraft/assets, --accessToken, FML, --userProperties, {}, --username, ForgeDevName]
[17:20:40] [main/INFO] [LaunchWrapper]: Loading tweak class name cpw.mods.fml.common.launcher.FMLTweaker
[17:20:40] [main/INFO] [LaunchWrapper]: Using primary tweak class name cpw.mods.fml.common.launcher.FMLTweaker
[17:20:40] [main/INFO] [LaunchWrapper]: Calling tweak class cpw.mods.fml.common.launcher.FMLTweaker
[17:23:52] [main/INFO] [GradleStart]: No arguments specified, assuming client.
[17:23:52] [main/INFO] [GradleStart]: Running with arguments: [--version, 1.7.10, --tweakClass, cpw.mods.fml.common.launcher.FMLTweaker, --assetIndex, {ASSET_INDEX}, --assetsDir, C:/Users/Tobias/.gradle/caches/minecraft/assets, --accessToken, FML, --userProperties, {}, --username, ForgeDevName]
[17:23:52] [main/INFO] [LaunchWrapper]: Loading tweak class name cpw.mods.fml.common.launcher.FMLTweaker
[17:23:52] [main/INFO] [LaunchWrapper]: Using primary tweak class name cpw.mods.fml.common.launcher.FMLTweaker
[17:23:52] [main/INFO] [LaunchWrapper]: Calling tweak class cpw.mods.fml.common.launcher.FMLTweaker
[18:41:15] [main/INFO] [GradleStart]: No arguments specified, assuming client.
[18:41:15] [main/INFO] [GradleStart]: Running with arguments: [--version, 1.7.10, --tweakClass, cpw.mods.fml.common.launcher.FMLTweaker, --assetIndex, {ASSET_INDEX}, --assetsDir, C:/Users/Tobias/.gradle/caches/minecraft/assets, --accessToken, FML, --userProperties, {}, --username, ForgeDevName]
[18:41:15] [main/INFO] [LaunchWrapper]: Loading tweak class name cpw.mods.fml.common.launcher.FMLTweaker
[18:41:15] [main/INFO] [LaunchWrapper]: Using primary tweak class name cpw.mods.fml.common.launcher.FMLTweaker
[18:41:15] [main/INFO] [LaunchWrapper]: Calling tweak class cpw.mods.fml.common.launcher.FMLTweaker
[13:29:10] [main/INFO] [GradleStart]: No arguments specified, assuming client.
[13:29:10] [main/INFO] [GradleStart]: Running with arguments: [--version, 1.7.10, --tweakClass, cpw.mods.fml.common.launcher.FMLTweaker, --assetIndex, {ASSET_INDEX}, --assetsDir, C:/Users/Tobias/.gradle/caches/minecraft/assets, --accessToken, FML, --userProperties, {}, --username, ForgeDevName]
[13:29:10] [main/INFO] [LaunchWrapper]: Loading tweak class name cpw.mods.fml.common.launcher.FMLTweaker
[13:29:10] [main/INFO] [LaunchWrapper]: Using primary tweak class name cpw.mods.fml.common.launcher.FMLTweaker
[13:29:10] [main/INFO] [LaunchWrapper]: Calling tweak class cpw.mods.fml.common.launcher.FMLTweaker
[13:30:25] [main/INFO] [GradleStart]: No arguments specified, assuming client.
[13:30:25] [main/INFO] [GradleStart]: Running with arguments: [--version, 1.7.10, --tweakClass, cpw.mods.fml.common.launcher.FMLTweaker, --assetIndex, {ASSET_INDEX}, --assetsDir, C:/Users/Tobias/.gradle/caches/minecraft/assets, --accessToken, FML, --userProperties, {}, --username, ForgeDevName]
[13:30:25] [main/INFO] [LaunchWrapper]: Loading tweak class name cpw.mods.fml.common.launcher.FMLTweaker
[13:30:25] [main/INFO] [LaunchWrapper]: Using primary tweak class name cpw.mods.fml.common.launcher.FMLTweaker
[13:30:25] [main/INFO] [LaunchWrapper]: Calling tweak class cpw.mods.fml.common.launcher.FMLTweaker
[13:37:06] [main/INFO] [GradleStart]: No arguments specified, assuming client.
[13:37:07] [main/INFO] [GradleStart]: Running with arguments: [--version, 1.7.10, --tweakClass, cpw.mods.fml.common.launcher.FMLTweaker, --assetIndex, {ASSET_INDEX}, --assetsDir, C:/Users/Tobias/.gradle/caches/minecraft/assets, --accessToken, FML, --userProperties, {}, --username, ForgeDevName]
[13:37:07] [main/INFO] [LaunchWrapper]: Loading tweak class name cpw.mods.fml.common.launcher.FMLTweaker
[13:37:07] [main/INFO] [LaunchWrapper]: Using primary tweak class name cpw.mods.fml.common.launcher.FMLTweaker
[13:37:07] [main/INFO] [LaunchWrapper]: Calling tweak class cpw.mods.fml.common.launcher.FMLTweaker
[13:40:08] [main/INFO] [GradleStart]: No arguments specified, assuming client.
[13:40:08] [main/INFO] [GradleStart]: Running with arguments: [--version, 1.7.10, --tweakClass, cpw.mods.fml.common.launcher.FMLTweaker, --assetIndex, {ASSET_INDEX}, --assetsDir, C:/Users/Tobias/.gradle/caches/minecraft/assets, --accessToken, FML, --userProperties, {}, --username, ForgeDevName]
[13:40:08] [main/INFO] [LaunchWrapper]: Loading tweak class name cpw.mods.fml.common.launcher.FMLTweaker
[13:40:08] [main/INFO] [LaunchWrapper]: Using primary tweak class name cpw.mods.fml.common.launcher.FMLTweaker
[13:40:08] [main/INFO] [LaunchWrapper]: Calling tweak class cpw.mods.fml.common.launcher.FMLTweaker
[13:43:19] [main/INFO] [GradleStart]: No arguments specified, assuming client.
[13:43:19] [main/INFO] [GradleStart]: Running with arguments: [--version, 1.7.10, --tweakClass, cpw.mods.fml.common.launcher.FMLTweaker, --assetIndex, {ASSET_INDEX}, --assetsDir, C:/Users/Tobias/.gradle/caches/minecraft/assets, --accessToken, FML, --userProperties, {}, --username, ForgeDevName]
[13:43:19] [main/INFO] [LaunchWrapper]: Loading tweak class name cpw.mods.fml.common.launcher.FMLTweaker
[13:43:19] [main/INFO] [LaunchWrapper]: Using primary tweak class name cpw.mods.fml.common.launcher.FMLTweaker
[13:43:19] [main/INFO] [LaunchWrapper]: Calling tweak class cpw.mods.fml.common.launcher.FMLTweaker
[13:45:59] [main/INFO] [GradleStart]: No arguments specified, assuming client.
[13:45:59] [main/INFO] [GradleStart]: Running with arguments: [--version, 1.7.10, --tweakClass, cpw.mods.fml.common.launcher.FMLTweaker, --assetIndex, {ASSET_INDEX}, --assetsDir, C:/Users/Tobias/.gradle/caches/minecraft/assets, --accessToken, FML, --userProperties, {}, --username, ForgeDevName]
[13:45:59] [main/INFO] [LaunchWrapper]: Loading tweak class name cpw.mods.fml.common.launcher.FMLTweaker
[13:45:59] [main/INFO] [LaunchWrapper]: Using primary tweak class name cpw.mods.fml.common.launcher.FMLTweaker
[13:45:59] [main/INFO] [LaunchWrapper]: Calling tweak class cpw.mods.fml.common.launcher.FMLTweaker
[13:47:22] [main/INFO] [GradleStart]: No arguments specified, assuming client.
[13:47:22] [main/INFO] [GradleStart]: Running with arguments: [--version, 1.7.10, --tweakClass, cpw.mods.fml.common.launcher.FMLTweaker, --assetIndex, {ASSET_INDEX}, --assetsDir, C:/Users/Tobias/.gradle/caches/minecraft/assets, --accessToken, FML, --userProperties, {}, --username, ForgeDevName]
[13:47:22] [main/INFO] [LaunchWrapper]: Loading tweak class name cpw.mods.fml.common.launcher.FMLTweaker
[13:47:22] [main/INFO] [LaunchWrapper]: Using primary tweak class name cpw.mods.fml.common.launcher.FMLTweaker
[13:47:22] [main/INFO] [LaunchWrapper]: Calling tweak class cpw.mods.fml.common.launcher.FMLTweaker
[13:49:09] [main/INFO] [GradleStart]: No arguments specified, assuming client.
[13:49:09] [main/INFO] [GradleStart]: Running with arguments: [--version, 1.7.10, --tweakClass, cpw.mods.fml.common.launcher.FMLTweaker, --assetIndex, {ASSET_INDEX}, --assetsDir, C:/Users/Tobias/.gradle/caches/minecraft/assets, --accessToken, FML, --userProperties, {}, --username, ForgeDevName]
[13:49:09] [main/INFO] [LaunchWrapper]: Loading tweak class name cpw.mods.fml.common.launcher.FMLTweaker
[13:49:09] [main/INFO] [LaunchWrapper]: Using primary tweak class name cpw.mods.fml.common.launcher.FMLTweaker
[13:49:09] [main/INFO] [LaunchWrapper]: Calling tweak class cpw.mods.fml.common.launcher.FMLTweaker
[14:09:42] [main/INFO] [GradleStart]: No arguments specified, assuming client.
[14:09:42] [main/INFO] [GradleStart]: Running with arguments: [--version, 1.7.10, --tweakClass, cpw.mods.fml.common.launcher.FMLTweaker, --assetIndex, {ASSET_INDEX}, --assetsDir, C:/Users/Tobias/.gradle/caches/minecraft/assets, --accessToken, FML, --userProperties, {}, --username, ForgeDevName]
[14:09:42] [main/INFO] [LaunchWrapper]: Loading tweak class name cpw.mods.fml.common.launcher.FMLTweaker
[14:09:42] [main/INFO] [LaunchWrapper]: Using primary tweak class name cpw.mods.fml.common.launcher.FMLTweaker
[14:09:42] [main/INFO] [LaunchWrapper]: Calling tweak class cpw.mods.fml.common.launcher.FMLTweaker
[14:17:43] [main/INFO] [GradleStart]: No arguments specified, assuming client.
[14:17:43] [main/INFO] [GradleStart]: Running with arguments: [--version, 1.7.10, --tweakClass, cpw.mods.fml.common.launcher.FMLTweaker, --assetIndex, {ASSET_INDEX}, --assetsDir, C:/Users/Tobias/.gradle/caches/minecraft/assets, --accessToken, FML, --userProperties, {}, --username, ForgeDevName]
[14:17:43] [main/INFO] [LaunchWrapper]: Loading tweak class name cpw.mods.fml.common.launcher.FMLTweaker
[14:17:43] [main/INFO] [LaunchWrapper]: Using primary tweak class name cpw.mods.fml.common.launcher.FMLTweaker
[14:17:43] [main/INFO] [LaunchWrapper]: Calling tweak class cpw.mods.fml.common.launcher.FMLTweaker
