[18:45:57] [main/INFO] [FML/]: Forge Mod Loader version 7.10.1.1160 for Minecraft 1.7.10 loading
[18:45:57] [main/INFO] [FML/]: Java is Java HotSpot(TM) 64-Bit Server VM, version 1.7.0_60, running on Windows 7:amd64:6.1, installed at C:\Program Files\Java\jdk1.7.0_60\jre
[18:45:57] [main/DEBUG] [FML/]: Java classpath at launch is C:\Program Files\Java\jdk1.7.0_60\jre\lib\charsets.jar;C:\Program Files\Java\jdk1.7.0_60\jre\lib\deploy.jar;C:\Program Files\Java\jdk1.7.0_60\jre\lib\javaws.jar;C:\Program Files\Java\jdk1.7.0_60\jre\lib\jce.jar;C:\Program Files\Java\jdk1.7.0_60\jre\lib\jfr.jar;C:\Program Files\Java\jdk1.7.0_60\jre\lib\jfxrt.jar;C:\Program Files\Java\jdk1.7.0_60\jre\lib\jsse.jar;C:\Program Files\Java\jdk1.7.0_60\jre\lib\management-agent.jar;C:\Program Files\Java\jdk1.7.0_60\jre\lib\plugin.jar;C:\Program Files\Java\jdk1.7.0_60\jre\lib\resources.jar;C:\Program Files\Java\jdk1.7.0_60\jre\lib\rt.jar;C:\Program Files\Java\jdk1.7.0_60\jre\lib\ext\access-bridge-64.jar;C:\Program Files\Java\jdk1.7.0_60\jre\lib\ext\dnsns.jar;C:\Program Files\Java\jdk1.7.0_60\jre\lib\ext\jaccess.jar;C:\Program Files\Java\jdk1.7.0_60\jre\lib\ext\localedata.jar;C:\Program Files\Java\jdk1.7.0_60\jre\lib\ext\sunec.jar;C:\Program Files\Java\jdk1.7.0_60\jre\lib\ext\sunjce_provider.jar;C:\Program Files\Java\jdk1.7.0_60\jre\lib\ext\sunmscapi.jar;C:\Program Files\Java\jdk1.7.0_60\jre\lib\ext\zipfs.jar;C:\Users\Tobias\Documents\GitHub\Dimension-Storage\out\production\Dimension-Storage;C:\Users\Tobias\.gradle\caches\minecraft\net\minecraftforge\forge\1.7.10-10.13.0.1160\forgeSrc-1.7.10-10.13.0.1160.jar;C:\Users\Tobias\.gradle\caches\modules-2\files-2.1\net.minecraft\launchwrapper\1.9\116f2aad5b0c68353ebed66cd463517db6522f7e\launchwrapper-1.9.jar;C:\Users\Tobias\.gradle\caches\modules-2\files-2.1\org.ow2.asm\asm-debug-all\4.1\dd6ba5c392d4102458494e29f54f70ac534ec2a2\asm-debug-all-4.1.jar;C:\Users\Tobias\.gradle\caches\modules-2\files-2.1\org.scala-lang\scala-library\2.10.2\6ba65d12cd09d441083262d6f73d2257fec7c663\scala-library-2.10.2.jar;C:\Users\Tobias\.gradle\caches\modules-2\files-2.1\org.scala-lang\scala-compiler\2.10.2\64c8b1380cc53d6850823d6e4e7ae984aa44ef9c\scala-compiler-2.10.2.jar;C:\Users\Tobias\.gradle\caches\modules-2\files-2.1\net.sf.jopt-simple\jopt-simple\4.5\6065cc95c661255349c1d0756657be17c29a4fd3\jopt-simple-4.5.jar;C:\Users\Tobias\.gradle\caches\modules-2\files-2.1\lzma\lzma\0.0.1\521616dc7487b42bef0e803bd2fa3faf668101d7\lzma-0.0.1.jar;C:\Users\Tobias\.gradle\caches\modules-2\files-2.1\com.mojang\realms\1.2.4\f26fa1f66eaa37a627f338a23a79553ce22eccb1\realms-1.2.4.jar;C:\Users\Tobias\.gradle\caches\modules-2\files-2.1\org.apache.commons\commons-compress\1.8.1\a698750c16740fd5b3871425f4cb3bbaa87f529d\commons-compress-1.8.1.jar;C:\Users\Tobias\.gradle\caches\modules-2\files-2.1\org.apache.httpcomponents\httpclient\4.3.3\18f4247ff4572a074444572cee34647c43e7c9c7\httpclient-4.3.3.jar;C:\Users\Tobias\.gradle\caches\modules-2\files-2.1\commons-logging\commons-logging\1.1.3\f6f66e966c70a83ffbdb6f17a0919eaf7c8aca7f\commons-logging-1.1.3.jar;C:\Users\Tobias\.gradle\caches\modules-2\files-2.1\org.apache.httpcomponents\httpcore\4.3.2\31fbbff1ddbf98f3aa7377c94d33b0447c646b6e\httpcore-4.3.2.jar;C:\Users\Tobias\.gradle\caches\modules-2\files-2.1\java3d\vecmath\1.3.1\a0ae4f51da409fa0c20fa0ca59e6bbc9413ae71d\vecmath-1.3.1.jar;C:\Users\Tobias\.gradle\caches\modules-2\files-2.1\net.sf.trove4j\trove4j\3.0.3\42ccaf4761f0dfdfa805c9e340d99a755907e2dd\trove4j-3.0.3.jar;C:\Users\Tobias\.gradle\caches\modules-2\files-2.1\com.ibm.icu\icu4j-core-mojang\51.2\63d216a9311cca6be337c1e458e587f99d382b84\icu4j-core-mojang-51.2.jar;C:\Users\Tobias\.gradle\caches\modules-2\files-2.1\com.paulscode\codecjorbis\20101023\c73b5636faf089d9f00e8732a829577de25237ee\codecjorbis-20101023.jar;C:\Users\Tobias\.gradle\caches\modules-2\files-2.1\com.paulscode\codecwav\20101023\12f031cfe88fef5c1dd36c563c0a3a69bd7261da\codecwav-20101023.jar;C:\Users\Tobias\.gradle\caches\modules-2\files-2.1\com.paulscode\libraryjavasound\20101123\5c5e304366f75f9eaa2e8cca546a1fb6109348b3\libraryjavasound-20101123.jar;C:\Users\Tobias\.gradle\caches\modules-2\files-2.1\com.paulscode\librarylwjglopenal\20100824\73e80d0794c39665aec3f62eee88ca91676674ef\librarylwjglopenal-20100824.jar;C:\Users\Tobias\.gradle\caches\modules-2\files-2.1\com.paulscode\soundsystem\20120107\419c05fe9be71f792b2d76cfc9b67f1ed0fec7f6\soundsystem-20120107.jar;C:\Users\Tobias\.gradle\caches\modules-2\files-2.1\io.netty\netty-all\4.0.10.Final\9e50bd52ffe257a0e2cd8d971688d6ce7d174325\netty-all-4.0.10.Final.jar;C:\Users\Tobias\.gradle\caches\modules-2\files-2.1\com.google.guava\guava\16.0\aca09d2e5e8416bf91550e72281958e35460be52\guava-16.0.jar;C:\Users\Tobias\.gradle\caches\modules-2\files-2.1\org.apache.commons\commons-lang3\3.2.1\66f13681add50ca9e4546ffabafaaac7645db3cf\commons-lang3-3.2.1.jar;C:\Users\Tobias\.gradle\caches\modules-2\files-2.1\commons-io\commons-io\2.4\b1b6ea3b7e4aa4f492509a4952029cd8e48019ad\commons-io-2.4.jar;C:\Users\Tobias\.gradle\caches\modules-2\files-2.1\commons-codec\commons-codec\1.9\9ce04e34240f674bc72680f8b843b1457383161a\commons-codec-1.9.jar;C:\Users\Tobias\.gradle\caches\modules-2\files-2.1\net.java.jinput\jinput\2.0.5\39c7796b469a600f72380316f6b1f11db6c2c7c4\jinput-2.0.5.jar;C:\Users\Tobias\.gradle\caches\modules-2\files-2.1\net.java.jutils\jutils\1.0.0\e12fe1fda814bd348c1579329c86943d2cd3c6a6\jutils-1.0.0.jar;C:\Users\Tobias\.gradle\caches\modules-2\files-2.1\com.google.code.gson\gson\2.2.4\a60a5e993c98c864010053cb901b7eab25306568\gson-2.2.4.jar;C:\Users\Tobias\.gradle\caches\modules-2\files-2.1\com.mojang\authlib\1.5.13\260f1d004e6ac3b359c96bd12a6c9a937e5378ec\authlib-1.5.13.jar;C:\Users\Tobias\.gradle\caches\modules-2\files-2.1\org.apache.logging.log4j\log4j-api\2.0-beta9\1dd66e68cccd907880229f9e2de1314bd13ff785\log4j-api-2.0-beta9.jar;C:\Users\Tobias\.gradle\caches\modules-2\files-2.1\org.apache.logging.log4j\log4j-core\2.0-beta9\678861ba1b2e1fccb594bb0ca03114bb05da9695\log4j-core-2.0-beta9.jar;C:\Users\Tobias\.gradle\caches\modules-2\files-2.1\org.lwjgl.lwjgl\lwjgl\2.9.1\f58c5aabcef0e41718a564be9f8e412fff8db847\lwjgl-2.9.1.jar;C:\Users\Tobias\.gradle\caches\modules-2\files-2.1\org.lwjgl.lwjgl\lwjgl_util\2.9.1\290d7ba8a1bd9566f5ddf16ad06f09af5ec9b20e\lwjgl_util-2.9.1.jar;C:\Users\Tobias\.gradle\caches\modules-2\files-2.1\tv.twitch\twitch\5.16\1f55f009c61637c10c0acfb8b5ffc600f30044b4\twitch-5.16.jar;C:\Users\Tobias\.gradle\caches\modules-2\files-2.1\org.lwjgl.lwjgl\lwjgl-platform\2.9.1\aa9aae879af8eb378e22cfc64db56ec2ca9a44d1\lwjgl-platform-2.9.1-natives-linux.jar;C:\Users\Tobias\.gradle\caches\modules-2\files-2.1\org.lwjgl.lwjgl\lwjgl-platform\2.9.1\2d12c83fdfbc04ecabf02c7bc8cc54d034f0daac\lwjgl-platform-2.9.1-natives-osx.jar;C:\Users\Tobias\.gradle\caches\modules-2\files-2.1\org.lwjgl.lwjgl\lwjgl-platform\2.9.1\4c517eca808522457dd95ee8fc1fbcdbb602efbe\lwjgl-platform-2.9.1-natives-windows.jar;C:\Users\Tobias\.gradle\caches\modules-2\files-2.1\net.java.jinput\jinput-platform\2.0.5\7ff832a6eb9ab6a767f1ade2b548092d0fa64795\jinput-platform-2.0.5-natives-linux.jar;C:\Users\Tobias\.gradle\caches\modules-2\files-2.1\net.java.jinput\jinput-platform\2.0.5\53f9c919f34d2ca9de8c51fc4e1e8282029a9232\jinput-platform-2.0.5-natives-osx.jar;C:\Users\Tobias\.gradle\caches\modules-2\files-2.1\net.java.jinput\jinput-platform\2.0.5\385ee093e01f587f30ee1c8a2ee7d408fd732e16\jinput-platform-2.0.5-natives-windows.jar;C:\Users\Tobias\.gradle\caches\modules-2\files-2.1\org.scala-lang\scala-reflect\2.10.2\444ff8e89a81697997ed8a98a4642ba283130249\scala-reflect-2.10.2.jar;C:\Users\Tobias\.gradle\caches\modules-2\files-2.1\tv.twitch\twitch-platform\5.16\62503ee712766cf77f97252e5902786fd834b8c5\twitch-platform-5.16-natives-osx.jar;C:\Users\Tobias\.gradle\caches\modules-2\files-2.1\tv.twitch\twitch-platform\5.16\7c6affe439099806a4f552da14c42f9d643d8b23\twitch-platform-5.16-natives-windows-32.jar;C:\Users\Tobias\.gradle\caches\modules-2\files-2.1\tv.twitch\twitch-platform\5.16\39d0c3d363735b4785598e0e7fbf8297c706a9f9\twitch-platform-5.16-natives-windows-64.jar;C:\Users\Tobias\.gradle\caches\modules-2\files-2.1\tv.twitch\twitch-external-platform\4.5\18215140f010c05b9f86ef6f0f8871954d2ccebf\twitch-external-platform-4.5-natives-windows-32.jar;C:\Users\Tobias\.gradle\caches\modules-2\files-2.1\tv.twitch\twitch-external-platform\4.5\c3cde57891b935d41b6680a9c5e1502eeab76d86\twitch-external-platform-4.5-natives-windows-64.jar;C:\Program Files (x86)\JetBrains\IntelliJ IDEA Community Edition 13.1.3\lib\idea_rt.jar
[18:45:57] [main/DEBUG] [FML/]: Java library path at launch is C:/Users/Tobias/Documents/GitHub/Dimension-Storage\build\natives
[18:45:57] [main/INFO] [FML/]: Managed to load a deobfuscated Minecraft name- we are in a deobfuscated environment. Skipping runtime deobfuscation
[18:45:57] [main/DEBUG] [FML/]: Instantiating coremod class FMLCorePlugin
[18:45:57] [main/DEBUG] [FML/]: Added access transformer class cpw.mods.fml.common.asm.transformers.AccessTransformer to enqueued access transformers
[18:45:57] [main/DEBUG] [FML/]: Enqueued coremod FMLCorePlugin
[18:45:57] [main/DEBUG] [FML/]: Instantiating coremod class FMLForgePlugin
[18:45:57] [main/DEBUG] [FML/]: Added access transformer class net.minecraftforge.transformers.ForgeAccessTransformer to enqueued access transformers
[18:45:57] [main/DEBUG] [FML/]: Enqueued coremod FMLForgePlugin
[18:45:57] [main/DEBUG] [FML/]: All fundamental core mods are successfully located
[18:45:57] [main/DEBUG] [FML/]: Discovering coremods
[18:45:57] [main/INFO] [LaunchWrapper/]: Loading tweak class name cpw.mods.fml.common.launcher.FMLInjectionAndSortingTweaker
[18:45:57] [main/INFO] [LaunchWrapper/]: Loading tweak class name cpw.mods.fml.common.launcher.FMLDeobfTweaker
[18:45:57] [main/INFO] [LaunchWrapper/]: Calling tweak class cpw.mods.fml.common.launcher.FMLInjectionAndSortingTweaker
[18:45:57] [main/INFO] [LaunchWrapper/]: Calling tweak class cpw.mods.fml.common.launcher.FMLInjectionAndSortingTweaker
[18:45:57] [main/INFO] [LaunchWrapper/]: Calling tweak class cpw.mods.fml.relauncher.CoreModManager$FMLPluginWrapper
[18:45:57] [main/DEBUG] [FML/]: Injecting coremod FMLCorePlugin {cpw.mods.fml.relauncher.FMLCorePlugin} class transformers
[18:45:57] [main/TRACE] [FML/]: Registering transformer cpw.mods.fml.common.asm.transformers.MarkerTransformer
[18:45:57] [main/TRACE] [FML/]: Registering transformer cpw.mods.fml.common.asm.transformers.SideTransformer
[18:45:57] [main/TRACE] [FML/]: Registering transformer cpw.mods.fml.common.asm.transformers.EventSubscriptionTransformer
[18:45:57] [main/DEBUG] [FML/]: Injection complete
[18:45:57] [main/DEBUG] [FML/]: Running coremod plugin for FMLCorePlugin {cpw.mods.fml.relauncher.FMLCorePlugin}
[18:45:57] [main/DEBUG] [FML/]: Running coremod plugin FMLCorePlugin
[18:45:57] [main/ERROR] [FML/]: The binary patch set is missing. Either you are in a development environment, or things are not going to work!
[18:45:58] [main/ERROR] [FML/]: The minecraft jar file:/C:/Users/Tobias/.gradle/caches/minecraft/net/minecraftforge/forge/1.7.10-10.13.0.1160/forgeSrc-1.7.10-10.13.0.1160.jar!/net/minecraft/client/ClientBrandRetriever.class appears to be corrupt! There has been CRITICAL TAMPERING WITH MINECRAFT, it is highly unlikely minecraft will work! STOP NOW, get a clean copy and try again!
[18:45:58] [main/ERROR] [FML/]: FML has been ordered to ignore the invalid or missing minecraft certificate. This is very likely to cause a problem!
[18:45:58] [main/ERROR] [FML/]: Technical information: ClientBrandRetriever was at jar:file:/C:/Users/Tobias/.gradle/caches/minecraft/net/minecraftforge/forge/1.7.10-10.13.0.1160/forgeSrc-1.7.10-10.13.0.1160.jar!/net/minecraft/client/ClientBrandRetriever.class, there were 0 certificates for it
[18:45:58] [main/ERROR] [FML/]: FML appears to be missing any signature data. This is not a good thing
[18:45:58] [main/DEBUG] [FML/]: Coremod plugin class FMLCorePlugin run successfully
[18:45:58] [main/INFO] [LaunchWrapper/]: Calling tweak class cpw.mods.fml.relauncher.CoreModManager$FMLPluginWrapper
[18:45:58] [main/DEBUG] [FML/]: Injecting coremod FMLForgePlugin {net.minecraftforge.classloading.FMLForgePlugin} class transformers
[18:45:58] [main/DEBUG] [FML/]: Injection complete
[18:45:58] [main/DEBUG] [FML/]: Running coremod plugin for FMLForgePlugin {net.minecraftforge.classloading.FMLForgePlugin}
[18:45:58] [main/DEBUG] [FML/]: Running coremod plugin FMLForgePlugin
[18:45:58] [main/DEBUG] [FML/]: Coremod plugin class FMLForgePlugin run successfully
[18:45:58] [main/INFO] [LaunchWrapper/]: Calling tweak class cpw.mods.fml.common.launcher.FMLDeobfTweaker
[18:45:58] [main/DEBUG] [FML/]: Loaded 46 rules from AccessTransformer config file fml_at.cfg

[18:45:58] [main/DEBUG] [FML/]: Loaded 85 rules from AccessTransformer config file forge_at.cfg

[18:45:58] [main/DEBUG] [FML/]: Validating minecraft
[18:45:58] [main/DEBUG] [FML/]: Minecraft validated, launching...
[18:45:58] [main/INFO] [LaunchWrapper/]: Launching wrapped minecraft {net.minecraft.client.main.Main}
[18:45:58] [main/ERROR] [LaunchWrapper/]: Unable to launch
java.lang.reflect.InvocationTargetException
	at sun.reflect.NativeMethodAccessorImpl.invoke0(Native Method) ~[?:1.7.0_60]
	at sun.reflect.NativeMethodAccessorImpl.invoke(NativeMethodAccessorImpl.java:57) ~[?:1.7.0_60]
	at sun.reflect.DelegatingMethodAccessorImpl.invoke(DelegatingMethodAccessorImpl.java:43) ~[?:1.7.0_60]
	at java.lang.reflect.Method.invoke(Method.java:606) ~[?:1.7.0_60]
	at net.minecraft.launchwrapper.Launch.launch(Launch.java:134) [launchwrapper-1.9.jar:?]
	at net.minecraft.launchwrapper.Launch.main(Launch.java:28) [launchwrapper-1.9.jar:?]
	at sun.reflect.NativeMethodAccessorImpl.invoke0(Native Method) ~[?:1.7.0_60]
	at sun.reflect.NativeMethodAccessorImpl.invoke(NativeMethodAccessorImpl.java:57) ~[?:1.7.0_60]
	at sun.reflect.DelegatingMethodAccessorImpl.invoke(DelegatingMethodAccessorImpl.java:43) ~[?:1.7.0_60]
	at java.lang.reflect.Method.invoke(Method.java:606) ~[?:1.7.0_60]
	at com.intellij.rt.execution.application.AppMain.main(AppMain.java:134) [idea_rt.jar:?]
Caused by: com.google.gson.JsonSyntaxException: com.google.gson.stream.MalformedJsonException: Use JsonReader.setLenient(true) to accept malformed JSON at line 1 column 4
	at com.google.gson.Gson.assertFullConsumption(Gson.java:779) ~[Gson.class:?]
	at com.google.gson.Gson.fromJson(Gson.java:769) ~[Gson.class:?]
	at com.google.gson.Gson.fromJson(Gson.java:717) ~[Gson.class:?]
	at net.minecraft.client.main.Main.main(Main.java:127) ~[Main.class:?]
	... 11 more
Caused by: com.google.gson.stream.MalformedJsonException: Use JsonReader.setLenient(true) to accept malformed JSON at line 1 column 4
	at com.google.gson.stream.JsonReader.syntaxError(JsonReader.java:1505) ~[JsonReader.class:?]
	at com.google.gson.stream.JsonReader.checkLenient(JsonReader.java:1386) ~[JsonReader.class:?]
	at com.google.gson.stream.JsonReader.doPeek(JsonReader.java:531) ~[JsonReader.class:?]
	at com.google.gson.stream.JsonReader.peek(JsonReader.java:414) ~[JsonReader.class:?]
	at com.google.gson.Gson.assertFullConsumption(Gson.java:775) ~[Gson.class:?]
	at com.google.gson.Gson.fromJson(Gson.java:769) ~[Gson.class:?]
	at com.google.gson.Gson.fromJson(Gson.java:717) ~[Gson.class:?]
	at net.minecraft.client.main.Main.main(Main.java:127) ~[Main.class:?]
	... 11 more
