[18:25:04] [main/ERROR]: Can't find the resource index file: C:\Users\Tobias\.gradle\caches\minecraft\assets\indexes\{ASSET_INDEX}.json
[18:25:04] [main/INFO]: Setting user: ForgeDevName
[18:25:05] [Client thread/INFO]: LWJGL Version: 2.9.1
[18:25:11] [Client thread/INFO]: Reloading ResourceManager: Default, FMLFileResourcePack:Forge Mod Loader, FMLFileResourcePack:Minecraft Forge, FMLFileResourcePack:DimensionStorage
[18:25:12] [Sound Library Loader/INFO]: Sound engine started
[18:25:13] [Client thread/INFO]: Created: 512x256 textures/blocks-atlas
[18:25:13] [Client thread/INFO]: Created: 256x256 textures/items-atlas
[18:25:13] [Client thread/INFO]: Reloading ResourceManager: Default, FMLFileResourcePack:Forge Mod Loader, FMLFileResourcePack:Minecraft Forge, FMLFileResourcePack:DimensionStorage
[18:25:13] [Client thread/INFO]: Created: 256x256 textures/items-atlas
[18:25:13] [Client thread/INFO]: Created: 512x256 textures/blocks-atlas
[18:25:14] [Sound Library Loader/INFO]: Sound engine started
[18:25:15] [Client thread/WARN]: Unable to play unknown soundEvent: minecraft:gui.button.press
[18:25:17] [Server thread/INFO]: Starting integrated minecraft server version 1.7.10
[18:25:17] [Server thread/INFO]: Generating keypair
[18:25:20] [Client thread/WARN]: Unable to play unknown soundEvent: minecraft:gui.button.press
[18:25:20] [Server thread/INFO]: Preparing start region for level 0
[18:25:21] [Server thread/INFO]: Changing view distance to 12, from 10
[18:25:22] [Server thread/INFO]: ForgeDevName[local:E:8790e812] logged in with entity id 246 at (1406.753916225998, 12.918739514404264, 1269.9282452437021)
[18:25:22] [Server thread/INFO]: ForgeDevName joined the game
[18:25:23] [Client thread/WARN]: Unable to play unknown soundEvent: minecraft:mob.slime.big
[18:25:23] [Client thread/WARN]: Unable to play unknown soundEvent: minecraft:mob.slime.big
[18:25:23] [Client thread/WARN]: Unable to play unknown soundEvent: minecraft:mob.slime.big
[18:25:23] [Client thread/WARN]: Unable to play unknown soundEvent: minecraft:mob.slime.big
[18:25:23] [Client thread/WARN]: Unable to play unknown soundEvent: minecraft:mob.slime.big
[18:25:23] [Client thread/WARN]: Unable to play unknown soundEvent: minecraft:random.door_close
[18:25:24] [Client thread/WARN]: Unable to play unknown soundEvent: minecraft:mob.slime.big
[18:25:24] [Client thread/WARN]: Unable to play unknown soundEvent: minecraft:mob.slime.big
[18:25:24] [Client thread/WARN]: Unable to play unknown soundEvent: minecraft:mob.slime.big
[18:25:24] [Client thread/WARN]: Unable to play unknown soundEvent: minecraft:random.door_close
[18:25:24] [Client thread/WARN]: Unable to play unknown soundEvent: minecraft:random.door_close
[18:25:24] [Client thread/WARN]: Unable to play unknown soundEvent: minecraft:mob.slime.big
[18:25:25] [Client thread/WARN]: Unable to play unknown soundEvent: minecraft:mob.slime.big
[18:25:25] [Client thread/WARN]: Unable to play unknown soundEvent: minecraft:mob.slime.big
[18:25:25] [Client thread/WARN]: Unable to play unknown soundEvent: minecraft:random.door_open
[18:25:25] [Client thread/WARN]: Unable to play unknown soundEvent: minecraft:random.door_open
[18:25:25] [Client thread/WARN]: Unable to play unknown soundEvent: minecraft:mob.slime.big
[18:25:25] [Client thread/WARN]: Unable to play unknown soundEvent: minecraft:music.game.creative
[18:25:26] [Client thread/WARN]: Unable to play unknown soundEvent: minecraft:random.door_open
[18:25:26] [Client thread/WARN]: Unable to play unknown soundEvent: minecraft:random.door_open
[18:25:26] [Client thread/WARN]: Unable to play unknown soundEvent: minecraft:mob.slime.big
[18:25:26] [Client thread/WARN]: Unable to play unknown soundEvent: minecraft:mob.slime.big
[18:25:27] [Client thread/WARN]: Unable to play unknown soundEvent: minecraft:mob.slime.big
[18:25:27] [Client thread/INFO]: [CHAT] /gamemode, /give, /gamerule
[18:25:27] [Client thread/WARN]: Unable to play unknown soundEvent: minecraft:mob.slime.big
[18:25:27] [Client thread/WARN]: Unable to play unknown soundEvent: minecraft:random.door_open
[18:25:27] [Client thread/WARN]: Unable to play unknown soundEvent: minecraft:random.door_close
[18:25:28] [Client thread/WARN]: Unable to play unknown soundEvent: minecraft:mob.slime.big
[18:25:28] [Client thread/WARN]: Unable to play unknown soundEvent: minecraft:mob.slime.big
[18:25:28] [Client thread/WARN]: Unable to play unknown soundEvent: minecraft:random.door_open
[18:25:28] [Client thread/WARN]: Unable to play unknown soundEvent: minecraft:mob.slime.big
[18:25:28] [Client thread/WARN]: Unable to play unknown soundEvent: minecraft:mob.slime.big
[18:25:29] [Client thread/WARN]: Unable to play unknown soundEvent: minecraft:mob.slime.big
[18:25:29] [Client thread/WARN]: Unable to play unknown soundEvent: minecraft:mob.slime.big
[18:25:30] [Client thread/WARN]: Unable to play unknown soundEvent: minecraft:mob.slime.big
[18:25:30] [Client thread/WARN]: Unable to play unknown soundEvent: minecraft:mob.slime.big
[18:25:31] [Client thread/WARN]: Unable to play unknown soundEvent: minecraft:mob.slime.big
[18:25:31] [Client thread/WARN]: Unable to play unknown soundEvent: minecraft:mob.slime.big
[18:25:31] [Client thread/WARN]: Unable to play unknown soundEvent: minecraft:mob.slime.big
[18:25:32] [Client thread/WARN]: Unable to play unknown soundEvent: minecraft:mob.slime.big
[18:25:32] [Client thread/WARN]: Unable to play unknown soundEvent: minecraft:mob.slime.big
[18:25:32] [Client thread/WARN]: Unable to play unknown soundEvent: minecraft:mob.slime.big
[18:25:33] [Client thread/WARN]: Unable to play unknown soundEvent: minecraft:mob.slime.big
[18:25:34] [Client thread/WARN]: Unable to play unknown soundEvent: minecraft:mob.slime.big
[18:25:34] [Client thread/WARN]: Unable to play unknown soundEvent: minecraft:mob.slime.big
[18:25:34] [Client thread/WARN]: Unable to play unknown soundEvent: minecraft:mob.slime.big
[18:25:35] [Client thread/WARN]: Unable to play unknown soundEvent: minecraft:mob.slime.big
[18:25:35] [Client thread/WARN]: Unable to play unknown soundEvent: minecraft:mob.slime.big
[18:25:35] [Client thread/WARN]: Unable to play unknown soundEvent: minecraft:mob.slime.big
[18:25:36] [Client thread/WARN]: Unable to play unknown soundEvent: minecraft:mob.slime.big
[18:25:36] [Client thread/WARN]: Unable to play unknown soundEvent: minecraft:mob.slime.big
[18:25:36] [Client thread/INFO]: [CHAT] DimensionStorage:WirelessMatterCombiner, DimensionStorage:BlackHoleConstructer
[18:25:37] [Client thread/WARN]: Unable to play unknown soundEvent: minecraft:mob.slime.big
[18:25:37] [Client thread/WARN]: Unable to play unknown soundEvent: minecraft:mob.slime.big
[18:25:37] [Client thread/WARN]: Unable to play unknown soundEvent: minecraft:mob.slime.big
[18:25:37] [Client thread/INFO]: [CHAT] DimensionStorage:WirelessMatterCombiner, DimensionStorage:BlackHoleConstructer
[18:25:38] [Client thread/WARN]: Unable to play unknown soundEvent: minecraft:mob.slime.big
[18:25:38] [Client thread/WARN]: Unable to play unknown soundEvent: minecraft:mob.slime.big
[18:25:38] [Client thread/INFO]: [CHAT] DimensionStorage:WirelessMatterCombiner, DimensionStorage:BlackHoleConstructer
[18:25:38] [Client thread/WARN]: Unable to play unknown soundEvent: minecraft:mob.slime.big
[18:25:38] [Client thread/WARN]: Unable to play unknown soundEvent: minecraft:mob.slime.big
[18:25:39] [Client thread/WARN]: Unable to play unknown soundEvent: minecraft:mob.slime.big
[18:25:39] [Client thread/WARN]: Unable to play unknown soundEvent: minecraft:mob.slime.big
[18:25:40] [Client thread/WARN]: Unable to play unknown soundEvent: minecraft:mob.slime.big
[18:25:40] [Client thread/WARN]: Unable to play unknown soundEvent: minecraft:mob.slime.big
[18:25:41] [Client thread/WARN]: Unable to play unknown soundEvent: minecraft:mob.slime.big
[18:25:41] [Client thread/WARN]: Unable to play unknown soundEvent: minecraft:mob.slime.big
[18:25:41] [Client thread/WARN]: Unable to play unknown soundEvent: minecraft:mob.slime.big
[18:25:41] [Client thread/WARN]: Unable to play unknown soundEvent: minecraft:mob.slime.big
[18:25:41] [Server thread/INFO]: [ForgeDevName: Given [item.dimensionstorage:WirelessMatterCombiner.name] * 1 to ForgeDevName]
[18:25:41] [Client thread/INFO]: [CHAT] Given [item.dimensionstorage:WirelessMatterCombiner.name] * 1 to ForgeDevName
[18:25:41] [Client thread/WARN]: Unable to play unknown soundEvent: minecraft:random.pop
[18:25:42] [Client thread/WARN]: Unable to play unknown soundEvent: minecraft:mob.slime.big
[18:25:42] [Client thread/WARN]: Unable to play unknown soundEvent: minecraft:mob.slime.big
[18:25:43] [Client thread/WARN]: Unable to play unknown soundEvent: minecraft:mob.slime.big
[18:25:43] [Client thread/WARN]: Unable to play unknown soundEvent: minecraft:mob.slime.big
[18:25:45] [Client thread/WARN]: Unable to play unknown soundEvent: minecraft:mob.slime.big
[18:25:45] [Client thread/WARN]: Unable to play unknown soundEvent: minecraft:mob.slime.big
[18:25:46] [Client thread/WARN]: Unable to play unknown soundEvent: minecraft:mob.slime.big
[18:25:46] [Client thread/WARN]: Unable to play unknown soundEvent: minecraft:mob.slime.big
[18:25:47] [Client thread/WARN]: Unable to play unknown soundEvent: minecraft:mob.slime.big
[18:25:47] [Client thread/WARN]: Unable to play unknown soundEvent: minecraft:step.grass
[18:25:47] [Client thread/WARN]: Unable to play unknown soundEvent: minecraft:mob.slime.big
[18:25:48] [Client thread/INFO]: [CHAT] DimensionStorage:WirelessMatterCombiner, DimensionStorage:BlackHoleConstructer
[18:25:48] [Client thread/WARN]: Unable to play unknown soundEvent: minecraft:mob.slime.small
[18:25:48] [Client thread/WARN]: Unable to play unknown soundEvent: minecraft:mob.slime.big
[18:25:48] [Client thread/INFO]: [CHAT] DimensionStorage:WirelessMatterCombiner, DimensionStorage:BlackHoleConstructer
[18:25:48] [Client thread/WARN]: Unable to play unknown soundEvent: minecraft:step.grass
[18:25:49] [Client thread/WARN]: Unable to play unknown soundEvent: minecraft:mob.slime.big
[18:25:49] [Server thread/INFO]: [ForgeDevName: Given [tile.dimensionstorage:BlackHoleConstructer.name] * 1 to ForgeDevName]
[18:25:49] [Client thread/INFO]: [CHAT] Given [tile.dimensionstorage:BlackHoleConstructer.name] * 1 to ForgeDevName
[18:25:49] [Client thread/WARN]: Unable to play unknown soundEvent: minecraft:random.pop
[18:25:49] [Client thread/WARN]: Unable to play unknown soundEvent: minecraft:mob.slime.small
[18:25:50] [Client thread/WARN]: Unable to play unknown soundEvent: minecraft:mob.slime.big
[18:25:50] [Client thread/WARN]: Unable to play unknown soundEvent: minecraft:step.grass
[18:25:52] [Client thread/WARN]: Unable to play unknown soundEvent: minecraft:mob.slime.big
[18:25:52] [Client thread/WARN]: Unable to play unknown soundEvent: minecraft:dig.stone
[18:25:52] [Client thread/WARN]: Unable to play unknown soundEvent: minecraft:step.grass
[18:25:53] [Client thread/WARN]: Unable to play unknown soundEvent: minecraft:mob.slime.big
[18:25:53] [Client thread/WARN]: Unable to play unknown soundEvent: minecraft:step.grass
[18:25:53] [Client thread/WARN]: Unable to play unknown soundEvent: minecraft:step.grass
[18:25:54] [Client thread/WARN]: Unable to play unknown soundEvent: minecraft:mob.slime.big
[18:25:54] [Client thread/WARN]: Unable to play unknown soundEvent: minecraft:step.grass
[18:25:55] [Client thread/WARN]: Unable to play unknown soundEvent: minecraft:step.grass
[18:25:56] [Client thread/WARN]: Unable to play unknown soundEvent: minecraft:mob.slime.big
[18:25:57] [Client thread/WARN]: Unable to play unknown soundEvent: minecraft:step.grass
[18:25:58] [Client thread/WARN]: Unable to play unknown soundEvent: minecraft:dig.stone
[18:25:58] [Client thread/WARN]: Unable to play unknown soundEvent: minecraft:mob.slime.big
[18:25:58] [Client thread/WARN]: Unable to play unknown soundEvent: minecraft:step.grass
[18:25:59] [Client thread/WARN]: Unable to play unknown soundEvent: minecraft:step.grass
[18:25:59] [Client thread/WARN]: Unable to play unknown soundEvent: minecraft:mob.slime.big
[18:26:00] [Client thread/WARN]: Unable to play unknown soundEvent: minecraft:dig.grass
[18:26:01] [Client thread/WARN]: Unable to play unknown soundEvent: minecraft:dig.grass
[18:26:01] [Client thread/WARN]: Unable to play unknown soundEvent: minecraft:dig.grass
[18:26:01] [Client thread/WARN]: Unable to play unknown soundEvent: minecraft:dig.grass
[18:26:02] [Client thread/WARN]: Unable to play unknown soundEvent: minecraft:dig.grass
[18:26:02] [Client thread/WARN]: Unable to play unknown soundEvent: minecraft:dig.grass
[18:26:02] [Client thread/WARN]: Unable to play unknown soundEvent: minecraft:dig.grass
[18:26:03] [Client thread/WARN]: Unable to play unknown soundEvent: minecraft:dig.stone
[18:26:04] [Client thread/WARN]: Unable to play unknown soundEvent: minecraft:dig.stone
[18:26:04] [Client thread/WARN]: Unable to play unknown soundEvent: minecraft:dig.stone
[18:26:06] [Client thread/WARN]: Unable to play unknown soundEvent: minecraft:dig.grass
[18:26:39] [Client thread/WARN]: Unable to play unknown soundEvent: minecraft:mob.slime.small
[18:26:39] [Client thread/WARN]: Unable to play unknown soundEvent: minecraft:step.grass
[18:26:40] [Client thread/WARN]: Unable to play unknown soundEvent: minecraft:mob.slime.small
[18:26:41] [Client thread/WARN]: Unable to play unknown soundEvent: minecraft:step.grass
[18:26:42] [Client thread/WARN]: Unable to play unknown soundEvent: minecraft:mob.slime.small
[18:26:43] [Client thread/WARN]: Unable to play unknown soundEvent: minecraft:step.grass
[18:26:44] [Client thread/WARN]: Unable to play unknown soundEvent: minecraft:mob.slime.small
[18:26:45] [Client thread/WARN]: Unable to play unknown soundEvent: minecraft:step.grass
[18:26:46] [Client thread/WARN]: Unable to play unknown soundEvent: minecraft:mob.slime.small
[18:26:46] [Client thread/WARN]: Unable to play unknown soundEvent: minecraft:step.grass
[18:26:47] [Client thread/WARN]: Unable to play unknown soundEvent: minecraft:mob.slime.small
[18:26:47] [Client thread/WARN]: Unable to play unknown soundEvent: minecraft:step.grass
[18:26:49] [Client thread/WARN]: Unable to play unknown soundEvent: minecraft:mob.slime.small
[18:26:49] [Client thread/WARN]: Unable to play unknown soundEvent: minecraft:step.grass
[18:26:50] [Client thread/WARN]: Unable to play unknown soundEvent: minecraft:mob.slime.small
[18:26:51] [Client thread/WARN]: Unable to play unknown soundEvent: minecraft:step.grass
[18:26:52] [Client thread/WARN]: Unable to play unknown soundEvent: minecraft:mob.slime.small
[18:26:53] [Client thread/WARN]: Unable to play unknown soundEvent: minecraft:step.grass
[18:26:53] [Client thread/WARN]: Unable to play unknown soundEvent: minecraft:step.grass
[18:26:53] [Client thread/WARN]: Unable to play unknown soundEvent: minecraft:step.grass
[18:26:54] [Client thread/WARN]: Unable to play unknown soundEvent: minecraft:mob.slime.small
[18:26:55] [Client thread/WARN]: Unable to play unknown soundEvent: minecraft:step.grass
[18:26:55] [Client thread/WARN]: Unable to play unknown soundEvent: minecraft:music.game.creative
[18:26:55] [Client thread/WARN]: Unable to play unknown soundEvent: minecraft:mob.slime.small
[18:26:56] [Client thread/WARN]: Unable to play unknown soundEvent: minecraft:step.grass
[18:26:58] [Client thread/WARN]: Unable to play unknown soundEvent: minecraft:step.grass
[18:26:58] [Client thread/WARN]: Unable to play unknown soundEvent: minecraft:random.pop
[18:26:58] [Client thread/WARN]: Unable to play unknown soundEvent: minecraft:random.pop
[18:26:58] [Client thread/WARN]: Unable to play unknown soundEvent: minecraft:step.grass
[18:26:58] [Client thread/WARN]: Unable to play unknown soundEvent: minecraft:step.grass
[18:26:59] [Client thread/WARN]: Unable to play unknown soundEvent: minecraft:step.grass
[18:27:00] [Client thread/WARN]: Unable to play unknown soundEvent: minecraft:dig.stone
[18:27:02] [Client thread/WARN]: Unable to play unknown soundEvent: minecraft:step.grass
[18:27:02] [Client thread/WARN]: Unable to play unknown soundEvent: minecraft:dig.stone
[18:27:02] [Client thread/WARN]: Unable to play unknown soundEvent: minecraft:dig.stone
[18:27:02] [Client thread/WARN]: Unable to play unknown soundEvent: minecraft:step.grass
[18:27:02] [Client thread/WARN]: Unable to play unknown soundEvent: minecraft:dig.stone
[18:27:02] [Client thread/WARN]: Unable to play unknown soundEvent: minecraft:random.orb
[18:27:03] [Client thread/WARN]: Unable to play unknown soundEvent: minecraft:step.grass
[18:27:05] [Client thread/WARN]: Unable to play unknown soundEvent: minecraft:dig.stone
[18:27:05] [Client thread/WARN]: Unable to play unknown soundEvent: minecraft:dig.stone
[18:27:06] [Client thread/WARN]: Unable to play unknown soundEvent: minecraft:dig.stone
[18:27:06] [Client thread/WARN]: Unable to play unknown soundEvent: minecraft:step.grass
[18:27:06] [Client thread/WARN]: Unable to play unknown soundEvent: minecraft:mob.slime.big
[18:27:07] [Client thread/WARN]: Unable to play unknown soundEvent: minecraft:mob.slime.big
[18:27:07] [Client thread/WARN]: Unable to play unknown soundEvent: minecraft:mob.slime.big
[18:27:07] [Client thread/WARN]: Unable to play unknown soundEvent: minecraft:mob.slime.big
[18:27:07] [Client thread/WARN]: Unable to play unknown soundEvent: minecraft:mob.slime.big
[18:27:07] [Client thread/WARN]: Unable to play unknown soundEvent: minecraft:mob.slime.big
[18:27:08] [Client thread/WARN]: Unable to play unknown soundEvent: minecraft:mob.slime.big
[18:27:08] [Client thread/WARN]: Unable to play unknown soundEvent: minecraft:mob.slime.big
[18:27:08] [Client thread/WARN]: Unable to play unknown soundEvent: minecraft:mob.slime.big
[18:27:08] [Client thread/WARN]: Unable to play unknown soundEvent: minecraft:mob.slime.big
[18:27:08] [Client thread/WARN]: Unable to play unknown soundEvent: minecraft:step.gravel
[18:27:08] [Client thread/WARN]: Unable to play unknown soundEvent: minecraft:mob.slime.big
[18:27:08] [Client thread/WARN]: Unable to play unknown soundEvent: minecraft:step.grass
[18:27:08] [Client thread/WARN]: Unable to play unknown soundEvent: minecraft:mob.slime.big
[18:27:08] [Client thread/WARN]: Unable to play unknown soundEvent: minecraft:mob.slime.big
[18:27:08] [Client thread/WARN]: Unable to play unknown soundEvent: minecraft:mob.slime.big
[18:27:09] [Client thread/WARN]: Unable to play unknown soundEvent: minecraft:mob.slime.big
[18:27:09] [Client thread/WARN]: Unable to play unknown soundEvent: minecraft:mob.slime.big
[18:27:09] [Client thread/WARN]: Unable to play unknown soundEvent: minecraft:mob.slime.big
[18:27:09] [Client thread/WARN]: Unable to play unknown soundEvent: minecraft:mob.slime.big
[18:27:09] [Client thread/WARN]: Unable to play unknown soundEvent: minecraft:mob.slime.big
[18:27:09] [Client thread/WARN]: Unable to play unknown soundEvent: minecraft:mob.slime.big
[18:27:09] [Client thread/WARN]: Unable to play unknown soundEvent: minecraft:mob.slime.big
[18:27:09] [Client thread/WARN]: Unable to play unknown soundEvent: minecraft:mob.slime.big
[18:27:09] [Client thread/WARN]: Unable to play unknown soundEvent: minecraft:step.gravel
[18:27:09] [Client thread/WARN]: Unable to play unknown soundEvent: minecraft:mob.slime.big
[18:27:09] [Client thread/WARN]: Unable to play unknown soundEvent: minecraft:step.gravel
[18:27:09] [Client thread/WARN]: Unable to play unknown soundEvent: minecraft:mob.slime.big
[18:27:09] [Client thread/WARN]: Unable to play unknown soundEvent: minecraft:mob.slime.big
[18:27:09] [Client thread/WARN]: Unable to play unknown soundEvent: minecraft:mob.slime.big
[18:27:09] [Client thread/WARN]: Unable to play unknown soundEvent: minecraft:mob.slime.big
[18:27:10] [Client thread/WARN]: Unable to play unknown soundEvent: minecraft:mob.slime.big
[18:27:10] [Client thread/WARN]: Unable to play unknown soundEvent: minecraft:mob.slime.big
[18:27:10] [Client thread/WARN]: Unable to play unknown soundEvent: minecraft:step.grass
[18:27:10] [Client thread/WARN]: Unable to play unknown soundEvent: minecraft:mob.slime.big
[18:27:10] [Client thread/WARN]: Unable to play unknown soundEvent: minecraft:step.grass
[18:27:10] [Client thread/WARN]: Unable to play unknown soundEvent: minecraft:mob.slime.big
[18:27:10] [Client thread/WARN]: Unable to play unknown soundEvent: minecraft:mob.slime.big
[18:27:10] [Client thread/WARN]: Unable to play unknown soundEvent: minecraft:step.grass
[18:27:10] [Client thread/WARN]: Unable to play unknown soundEvent: minecraft:mob.slime.big
[18:27:10] [Client thread/WARN]: Unable to play unknown soundEvent: minecraft:mob.slime.big
[18:27:10] [Client thread/WARN]: Unable to play unknown soundEvent: minecraft:mob.villager.idle
[18:27:10] [Client thread/WARN]: Unable to play unknown soundEvent: minecraft:mob.slime.big
[18:27:10] [Client thread/WARN]: Unable to play unknown soundEvent: minecraft:mob.slime.big
[18:27:10] [Client thread/WARN]: Unable to play unknown soundEvent: minecraft:mob.slime.big
[18:27:10] [Client thread/WARN]: Unable to play unknown soundEvent: minecraft:mob.slime.big
[18:27:11] [Client thread/WARN]: Unable to play unknown soundEvent: minecraft:step.grass
[18:27:11] [Client thread/WARN]: Unable to play unknown soundEvent: minecraft:step.gravel
[18:27:11] [Client thread/WARN]: Unable to play unknown soundEvent: minecraft:mob.slime.big
[18:27:11] [Client thread/WARN]: Unable to play unknown soundEvent: minecraft:mob.slime.big
[18:27:11] [Client thread/WARN]: Unable to play unknown soundEvent: minecraft:mob.slime.big
[18:27:11] [Client thread/WARN]: Unable to play unknown soundEvent: minecraft:mob.slime.big
[18:27:11] [Client thread/WARN]: Unable to play unknown soundEvent: minecraft:mob.villager.idle
[18:27:11] [Client thread/WARN]: Unable to play unknown soundEvent: minecraft:mob.slime.big
[18:27:11] [Client thread/WARN]: Unable to play unknown soundEvent: minecraft:mob.slime.big
[18:27:11] [Client thread/WARN]: Unable to play unknown soundEvent: minecraft:mob.slime.big
[18:27:11] [Client thread/WARN]: Unable to play unknown soundEvent: minecraft:mob.slime.big
[18:27:11] [Client thread/WARN]: Unable to play unknown soundEvent: minecraft:mob.slime.big
[18:27:11] [Client thread/WARN]: Unable to play unknown soundEvent: minecraft:mob.slime.big
[18:27:11] [Client thread/WARN]: Unable to play unknown soundEvent: minecraft:mob.slime.big
[18:27:11] [Client thread/WARN]: Unable to play unknown soundEvent: minecraft:mob.slime.big
[18:27:11] [Client thread/WARN]: Unable to play unknown soundEvent: minecraft:mob.slime.big
[18:27:12] [Client thread/WARN]: Unable to play unknown soundEvent: minecraft:mob.slime.big
[18:27:12] [Client thread/WARN]: Unable to play unknown soundEvent: minecraft:mob.slime.big
[18:27:12] [Client thread/WARN]: Unable to play unknown soundEvent: minecraft:mob.slime.big
[18:27:12] [Client thread/WARN]: Unable to play unknown soundEvent: minecraft:step.grass
[18:27:12] [Client thread/WARN]: Unable to play unknown soundEvent: minecraft:mob.slime.big
[18:27:12] [Client thread/WARN]: Unable to play unknown soundEvent: minecraft:mob.slime.big
[18:27:12] [Client thread/WARN]: Unable to play unknown soundEvent: minecraft:mob.slime.big
[18:27:12] [Client thread/WARN]: Unable to play unknown soundEvent: minecraft:mob.slime.big
[18:27:12] [Client thread/WARN]: Unable to play unknown soundEvent: minecraft:step.grass
[18:27:12] [Client thread/WARN]: Unable to play unknown soundEvent: minecraft:mob.slime.big
[18:27:12] [Client thread/WARN]: Unable to play unknown soundEvent: minecraft:mob.slime.big
[18:27:12] [Client thread/WARN]: Unable to play unknown soundEvent: minecraft:mob.slime.big
[18:27:12] [Server thread/INFO]: Saving and pausing game...
[18:27:12] [Server thread/INFO]: Saving chunks for level 'New World'/Overworld
[18:27:12] [Server thread/INFO]: Saving chunks for level 'New World'/Nether
[18:27:12] [Server thread/INFO]: Saving chunks for level 'New World'/The End
[18:27:13] [Client thread/WARN]: Unable to play unknown soundEvent: minecraft:gui.button.press
[18:27:13] [Server thread/INFO]: Stopping server
[18:27:13] [Server thread/INFO]: Saving players
[18:27:13] [Server thread/INFO]: Saving worlds
[18:27:13] [Server thread/INFO]: Saving chunks for level 'New World'/Overworld
[18:27:13] [Server thread/INFO]: Saving chunks for level 'New World'/Nether
[18:27:13] [Server thread/INFO]: Saving chunks for level 'New World'/The End
[18:27:14] [Client thread/WARN]: Unable to play unknown soundEvent: minecraft:gui.button.press
[18:27:14] [Client thread/INFO]: Stopping!
